Started by user [8mha:////4Lw4RGUxINnL3vH97CatWGF4dJLLFn2VBZ2Dwuufx35BAAAAlx+LCAAAAAAAAP9b85aBtbiIQTGjNKU4P08vOT+vOD8nVc83PyU1x6OyILUoJzMv2y+/JJUBAhiZGBgqihhk0NSjKDWzXb3RdlLBUSYGJk8GtpzUvPSSDB8G5tKinBIGIZ+sxLJE/ZzEvHT94JKizLx0a6BxUmjGOUNodHsLgAzWEgZu/dLi1CL9gsS8lEQACjKVYMAAAAA=[0mpanda
Running as SYSTEM
Building on master in workspace /var/jenkins_home/workspace/Szymon
The recommended git tool is: NONE
using credential GitHubToken
 > git rev-parse --is-inside-work-tree # timeout=10
Fetching changes from the remote Git repository
 > git config remote.origin.url https://github.com/SG-panda/panda_application.git # timeout=10
Fetching upstream changes from https://github.com/SG-panda/panda_application.git
 > git --version # timeout=10
 > git --version # 'git version 2.20.1'
using GIT_ASKPASS to set credentials Git Hub Token (Repo / Packages/ RepoHook)
 > git fetch --tags --force --progress -- https://github.com/SG-panda/panda_application.git +refs/heads/*:refs/remotes/origin/* # timeout=10
 > git rev-parse refs/remotes/origin/master^{commit} # timeout=10
Checking out Revision 12b289125fcc910b4cae59af2153785c76aa2192 (refs/remotes/origin/master)
 > git config core.sparsecheckout # timeout=10
 > git checkout -f 12b289125fcc910b4cae59af2153785c76aa2192 # timeout=10
Commit message: "SG: Change adress in PandaApplicationSeleniumTest"
 > git rev-list --no-walk 12b289125fcc910b4cae59af2153785c76aa2192 # timeout=10
[Szymon] $ /var/jenkins_home/tools/hudson.tasks.Maven_MavenInstallation/maven3/bin/mvn install
[INFO] Scanning for projects...
[INFO] 
[INFO] --------------------------< pl.pandait:panda >--------------------------
[INFO] Building panda 0.0.1
[INFO] --------------------------------[ jar ]---------------------------------
[INFO] 
[8mha:////4KD+Mp3xCHh0uEQTKLD9AxTWaLk0VVU9tHyScmjYUQGqAAAAYB+LCAAAAAAAAP9b85aBtbiIQSmjNKU4P0+vJLE4u1gvPjexLDVPzxdEGvvmZ+X75ZekLlOVfvTjc8FPJgaGiiIGKaiG5Py84vycVD1nCA1SyAABjCCFBQCV27OjYAAAAA==[0m[INFO] --- maven-resources-plugin:3.1.0:resources (default-resources) @ panda ---
[INFO] Using 'UTF-8' encoding to copy filtered resources.
[INFO] Copying 1 resource
[INFO] Copying 2 resources
[INFO] 
[8mha:////4KD+Mp3xCHh0uEQTKLD9AxTWaLk0VVU9tHyScmjYUQGqAAAAYB+LCAAAAAAAAP9b85aBtbiIQSmjNKU4P0+vJLE4u1gvPjexLDVPzxdEGvvmZ+X75ZekLlOVfvTjc8FPJgaGiiIGKaiG5Py84vycVD1nCA1SyAABjCCFBQCV27OjYAAAAA==[0m[INFO] --- maven-compiler-plugin:3.8.1:compile (default-compile) @ panda ---
[INFO] Nothing to compile - all classes are up to date
[INFO] 
[8mha:////4KD+Mp3xCHh0uEQTKLD9AxTWaLk0VVU9tHyScmjYUQGqAAAAYB+LCAAAAAAAAP9b85aBtbiIQSmjNKU4P0+vJLE4u1gvPjexLDVPzxdEGvvmZ+X75ZekLlOVfvTjc8FPJgaGiiIGKaiG5Py84vycVD1nCA1SyAABjCCFBQCV27OjYAAAAA==[0m[INFO] --- maven-compiler-plugin:3.8.1:compile (default) @ panda ---
[INFO] Nothing to compile - all classes are up to date
[INFO] 
[8mha:////4KD+Mp3xCHh0uEQTKLD9AxTWaLk0VVU9tHyScmjYUQGqAAAAYB+LCAAAAAAAAP9b85aBtbiIQSmjNKU4P0+vJLE4u1gvPjexLDVPzxdEGvvmZ+X75ZekLlOVfvTjc8FPJgaGiiIGKaiG5Py84vycVD1nCA1SyAABjCCFBQCV27OjYAAAAA==[0m[INFO] --- maven-resources-plugin:3.1.0:testResources (default-testResources) @ panda ---
[INFO] Using 'UTF-8' encoding to copy filtered resources.
[INFO] skip non existing resourceDirectory /var/jenkins_home/workspace/Szymon/src/test/resources
[INFO] 
[8mha:////4KD+Mp3xCHh0uEQTKLD9AxTWaLk0VVU9tHyScmjYUQGqAAAAYB+LCAAAAAAAAP9b85aBtbiIQSmjNKU4P0+vJLE4u1gvPjexLDVPzxdEGvvmZ+X75ZekLlOVfvTjc8FPJgaGiiIGKaiG5Py84vycVD1nCA1SyAABjCCFBQCV27OjYAAAAA==[0m[INFO] --- maven-compiler-plugin:3.8.1:testCompile (default-testCompile) @ panda ---
[INFO] Nothing to compile - all classes are up to date
[INFO] 
[8mha:////4KD+Mp3xCHh0uEQTKLD9AxTWaLk0VVU9tHyScmjYUQGqAAAAYB+LCAAAAAAAAP9b85aBtbiIQSmjNKU4P0+vJLE4u1gvPjexLDVPzxdEGvvmZ+X75ZekLlOVfvTjc8FPJgaGiiIGKaiG5Py84vycVD1nCA1SyAABjCCFBQCV27OjYAAAAA==[0m[INFO] --- maven-surefire-plugin:2.22.2:test (default-test) @ panda ---
[INFO] 
[INFO] -------------------------------------------------------
[INFO]  T E S T S
[INFO] -------------------------------------------------------
[INFO] Running pl.pandait.panda.PandaApplicationSeleniumTest
14:44:44.544 [main] DEBUG org.springframework.test.context.BootstrapUtils - Instantiating CacheAwareContextLoaderDelegate from class [org.springframework.test.context.cache.DefaultCacheAwareContextLoaderDelegate]
14:44:44.583 [main] DEBUG org.springframework.test.context.BootstrapUtils - Instantiating BootstrapContext using constructor [public org.springframework.test.context.support.DefaultBootstrapContext(java.lang.Class,org.springframework.test.context.CacheAwareContextLoaderDelegate)]
14:44:44.676 [main] DEBUG org.springframework.test.context.BootstrapUtils - Instantiating TestContextBootstrapper for test class [pl.pandait.panda.PandaApplicationSeleniumTest] from class [org.springframework.boot.test.context.SpringBootTestContextBootstrapper]
14:44:44.733 [main] INFO org.springframework.boot.test.context.SpringBootTestContextBootstrapper - Neither @ContextConfiguration nor @ContextHierarchy found for test class [pl.pandait.panda.PandaApplicationSeleniumTest], using SpringBootContextLoader
14:44:44.746 [main] DEBUG org.springframework.test.context.support.AbstractContextLoader - Did not detect default resource location for test class [pl.pandait.panda.PandaApplicationSeleniumTest]: class path resource [pl/pandait/panda/PandaApplicationSeleniumTest-context.xml] does not exist
14:44:44.749 [main] DEBUG org.springframework.test.context.support.AbstractContextLoader - Did not detect default resource location for test class [pl.pandait.panda.PandaApplicationSeleniumTest]: class path resource [pl/pandait/panda/PandaApplicationSeleniumTestContext.groovy] does not exist
14:44:44.751 [main] INFO org.springframework.test.context.support.AbstractContextLoader - Could not detect default resource locations for test class [pl.pandait.panda.PandaApplicationSeleniumTest]: no resource found for suffixes {-context.xml, Context.groovy}.
14:44:44.951 [main] DEBUG org.springframework.test.context.support.ActiveProfilesUtils - Could not find an 'annotation declaring class' for annotation type [org.springframework.test.context.ActiveProfiles] and class [pl.pandait.panda.PandaApplicationSeleniumTest]
14:44:45.328 [main] DEBUG org.springframework.boot.test.context.SpringBootTestContextBootstrapper - @TestExecutionListeners is not present for class [pl.pandait.panda.PandaApplicationSeleniumTest]: using defaults.
14:44:45.329 [main] INFO org.springframework.boot.test.context.SpringBootTestContextBootstrapper - Loaded default TestExecutionListener class names from location [META-INF/spring.factories]: [org.springframework.boot.test.mock.mockito.MockitoTestExecutionListener, org.springframework.boot.test.mock.mockito.ResetMocksTestExecutionListener, org.springframework.boot.test.autoconfigure.restdocs.RestDocsTestExecutionListener, org.springframework.boot.test.autoconfigure.web.client.MockRestServiceServerResetTestExecutionListener, org.springframework.boot.test.autoconfigure.web.servlet.MockMvcPrintOnlyOnFailureTestExecutionListener, org.springframework.boot.test.autoconfigure.web.servlet.WebDriverTestExecutionListener, org.springframework.test.context.web.ServletTestExecutionListener, org.springframework.test.context.support.DirtiesContextBeforeModesTestExecutionListener, org.springframework.test.context.support.DependencyInjectionTestExecutionListener, org.springframework.test.context.support.DirtiesContextTestExecutionListener, org.springframework.test.context.transaction.TransactionalTestExecutionListener, org.springframework.test.context.jdbc.SqlScriptsTestExecutionListener, org.springframework.test.context.event.EventPublishingTestExecutionListener]
14:44:45.345 [main] DEBUG org.springframework.boot.test.context.SpringBootTestContextBootstrapper - Skipping candidate TestExecutionListener [org.springframework.test.context.transaction.TransactionalTestExecutionListener] due to a missing dependency. Specify custom listener classes or make the default listener classes and their required dependencies available. Offending class: [org/springframework/transaction/TransactionDefinition]
14:44:45.346 [main] DEBUG org.springframework.boot.test.context.SpringBootTestContextBootstrapper - Skipping candidate TestExecutionListener [org.springframework.test.context.jdbc.SqlScriptsTestExecutionListener] due to a missing dependency. Specify custom listener classes or make the default listener classes and their required dependencies available. Offending class: [org/springframework/transaction/interceptor/TransactionAttribute]
14:44:45.347 [main] INFO org.springframework.boot.test.context.SpringBootTestContextBootstrapper - Using TestExecutionListeners: [org.springframework.test.context.web.ServletTestExecutionListener@635572a7, org.springframework.test.context.support.DirtiesContextBeforeModesTestExecutionListener@79d94571, org.springframework.boot.test.mock.mockito.MockitoTestExecutionListener@4dd02341, org.springframework.boot.test.autoconfigure.SpringBootDependencyInjectionTestExecutionListener@3212a8d7, org.springframework.test.context.support.DirtiesContextTestExecutionListener@7a1a3478, org.springframework.test.context.event.EventPublishingTestExecutionListener@495b0487, org.springframework.boot.test.mock.mockito.ResetMocksTestExecutionListener@55dfcc6, org.springframework.boot.test.autoconfigure.restdocs.RestDocsTestExecutionListener@222eb8aa, org.springframework.boot.test.autoconfigure.web.client.MockRestServiceServerResetTestExecutionListener@93cf163, org.springframework.boot.test.autoconfigure.web.servlet.MockMvcPrintOnlyOnFailureTestExecutionListener@1852a3ff, org.springframework.boot.test.autoconfigure.web.servlet.WebDriverTestExecutionListener@7203c7ff]
14:44:45.353 [main] DEBUG org.springframework.test.context.support.AbstractDirtiesContextTestExecutionListener - Before test class: context [DefaultTestContext@74c79fa2 testClass = PandaApplicationSeleniumTest, testInstance = [null], testMethod = [null], testException = [null], mergedContextConfiguration = [WebMergedContextConfiguration@1e0f9063 testClass = PandaApplicationSeleniumTest, locations = '{}', classes = '{class pl.pandait.panda.PandaApplication, class pl.pandait.panda.PandaApplication}', contextInitializerClasses = '[]', activeProfiles = '{}', propertySourceLocations = '{}', propertySourceProperties = '{org.springframework.boot.test.context.SpringBootTestContextBootstrapper=true}', contextCustomizers = set[org.springframework.boot.test.context.filter.ExcludeFilterContextCustomizer@1787f2a0, org.springframework.boot.test.json.DuplicateJsonObjectContextCustomizerFactory$DuplicateJsonObjectContextCustomizer@51bf5add, org.springframework.boot.test.mock.mockito.MockitoContextCustomizer@0, org.springframework.boot.test.web.client.TestRestTemplateContextCustomizer@a1f72f5, org.springframework.boot.test.autoconfigure.properties.PropertyMappingContextCustomizer@0, org.springframework.boot.test.autoconfigure.web.servlet.WebDriverContextCustomizerFactory$Customizer@2205a05d], resourceBasePath = 'src/main/webapp', contextLoader = 'org.springframework.boot.test.context.SpringBootContextLoader', parent = [null]], attributes = map['org.springframework.test.context.web.ServletTestExecutionListener.activateListener' -> false]], class annotated with @DirtiesContext [false] with mode [null].
14:44:45.375 [main] DEBUG org.springframework.test.context.support.DependencyInjectionTestExecutionListener - Performing dependency injection for test context [[DefaultTestContext@74c79fa2 testClass = PandaApplicationSeleniumTest, testInstance = pl.pandait.panda.PandaApplicationSeleniumTest@33b1c5c5, testMethod = [null], testException = [null], mergedContextConfiguration = [WebMergedContextConfiguration@1e0f9063 testClass = PandaApplicationSeleniumTest, locations = '{}', classes = '{class pl.pandait.panda.PandaApplication, class pl.pandait.panda.PandaApplication}', contextInitializerClasses = '[]', activeProfiles = '{}', propertySourceLocations = '{}', propertySourceProperties = '{org.springframework.boot.test.context.SpringBootTestContextBootstrapper=true}', contextCustomizers = set[org.springframework.boot.test.context.filter.ExcludeFilterContextCustomizer@1787f2a0, org.springframework.boot.test.json.DuplicateJsonObjectContextCustomizerFactory$DuplicateJsonObjectContextCustomizer@51bf5add, org.springframework.boot.test.mock.mockito.MockitoContextCustomizer@0, org.springframework.boot.test.web.client.TestRestTemplateContextCustomizer@a1f72f5, org.springframework.boot.test.autoconfigure.properties.PropertyMappingContextCustomizer@0, org.springframework.boot.test.autoconfigure.web.servlet.WebDriverContextCustomizerFactory$Customizer@2205a05d], resourceBasePath = 'src/main/webapp', contextLoader = 'org.springframework.boot.test.context.SpringBootContextLoader', parent = [null]], attributes = map['org.springframework.test.context.web.ServletTestExecutionListener.activateListener' -> false]]].
14:44:45.452 [main] DEBUG org.springframework.test.context.support.TestPropertySourceUtils - Adding inlined properties to environment: {spring.jmx.enabled=false, org.springframework.boot.test.context.SpringBootTestContextBootstrapper=true}

  .   ____          _            __ _ _
 /\\ / ___'_ __ _ _(_)_ __  __ _ \ \ \ \
( ( )\___ | '_ | '_| | '_ \/ _` | \ \ \ \
 \\/  ___)| |_)| | | | | || (_| |  ) ) ) )
  '  |____| .__|_| |_|_| |_\__, | / / / /
 =========|_|==============|___/=/_/_/_/
 :: Spring Boot ::        (v2.2.4.RELEASE)

2021-03-02 14:44:46.510  INFO 182 --- [           main] p.p.panda.PandaApplicationSeleniumTest   : Starting PandaApplicationSeleniumTest on 9bbee387e600 with PID 182 (started by jenkins in /var/jenkins_home/workspace/Szymon)
2021-03-02 14:44:46.513  INFO 182 --- [           main] p.p.panda.PandaApplicationSeleniumTest   : No active profile set, falling back to default profiles: default
2021-03-02 14:44:48.563  INFO 182 --- [           main] o.s.b.w.embedded.tomcat.TomcatWebServer  : Tomcat initialized with port(s): 8080 (http)
2021-03-02 14:44:48.581  INFO 182 --- [           main] o.apache.catalina.core.StandardService   : Starting service [Tomcat]
2021-03-02 14:44:48.581  INFO 182 --- [           main] org.apache.catalina.core.StandardEngine  : Starting Servlet engine: [Apache Tomcat/9.0.30]
2021-03-02 14:44:48.730  INFO 182 --- [           main] o.a.c.c.C.[Tomcat].[localhost].[/]       : Initializing Spring embedded WebApplicationContext
2021-03-02 14:44:48.731  INFO 182 --- [           main] o.s.web.context.ContextLoader            : Root WebApplicationContext: initialization completed in 2149 ms
2021-03-02 14:44:49.538  INFO 182 --- [           main] o.s.s.concurrent.ThreadPoolTaskExecutor  : Initializing ExecutorService 'applicationTaskExecutor'
2021-03-02 14:44:49.829  INFO 182 --- [           main] o.s.b.a.w.s.WelcomePageHandlerMapping    : Adding welcome page: class path resource [static/index.html]
2021-03-02 14:44:50.761  INFO 182 --- [           main] o.apache.catalina.core.StandardService   : Stopping service [Tomcat]
2021-03-02 14:44:50.775  INFO 182 --- [           main] ConditionEvaluationReportLoggingListener : 

Error starting ApplicationContext. To display the conditions report re-run your application with 'debug' enabled.
2021-03-02 14:44:50.780 ERROR 182 --- [           main] o.s.b.d.LoggingFailureAnalysisReporter   : 

***************************
APPLICATION FAILED TO START
***************************

Description:

Web server failed to start. Port 8080 was already in use.

Action:

Identify and stop the process that's listening on port 8080 or configure this application to listen on another port.

2021-03-02 14:44:50.785  INFO 182 --- [           main] o.s.s.concurrent.ThreadPoolTaskExecutor  : Shutting down ExecutorService 'applicationTaskExecutor'

  .   ____          _            __ _ _
 /\\ / ___'_ __ _ _(_)_ __  __ _ \ \ \ \
( ( )\___ | '_ | '_| | '_ \/ _` | \ \ \ \
 \\/  ___)| |_)| | | | | || (_| |  ) ) ) )
  '  |____| .__|_| |_|_| |_\__, | / / / /
 =========|_|==============|___/=/_/_/_/
 :: Spring Boot ::        (v2.2.4.RELEASE)

2021-03-02 14:44:50.819  INFO 182 --- [           main] p.p.panda.PandaApplicationSeleniumTest   : Starting PandaApplicationSeleniumTest on 9bbee387e600 with PID 182 (started by jenkins in /var/jenkins_home/workspace/Szymon)
2021-03-02 14:44:50.820  INFO 182 --- [           main] p.p.panda.PandaApplicationSeleniumTest   : No active profile set, falling back to default profiles: default
2021-03-02 14:44:51.121  INFO 182 --- [           main] o.s.b.w.embedded.tomcat.TomcatWebServer  : Tomcat initialized with port(s): 8080 (http)
2021-03-02 14:44:51.123  INFO 182 --- [           main] o.apache.catalina.core.StandardService   : Starting service [Tomcat]
2021-03-02 14:44:51.123  INFO 182 --- [           main] org.apache.catalina.core.StandardEngine  : Starting Servlet engine: [Apache Tomcat/9.0.30]
2021-03-02 14:44:51.142  INFO 182 --- [           main] o.a.c.c.C.[Tomcat-1].[localhost].[/]     : Initializing Spring embedded WebApplicationContext
2021-03-02 14:44:51.142  INFO 182 --- [           main] o.s.web.context.ContextLoader            : Root WebApplicationContext: initialization completed in 318 ms
2021-03-02 14:44:51.351  INFO 182 --- [           main] o.s.s.concurrent.ThreadPoolTaskExecutor  : Initializing ExecutorService 'applicationTaskExecutor'
2021-03-02 14:44:51.390  INFO 182 --- [           main] o.s.b.a.w.s.WelcomePageHandlerMapping    : Adding welcome page: class path resource [static/index.html]
2021-03-02 14:44:51.626  INFO 182 --- [           main] o.apache.catalina.core.StandardService   : Stopping service [Tomcat]
2021-03-02 14:44:51.633  INFO 182 --- [           main] ConditionEvaluationReportLoggingListener : 

Error starting ApplicationContext. To display the conditions report re-run your application with 'debug' enabled.
2021-03-02 14:44:51.641 ERROR 182 --- [           main] o.s.b.d.LoggingFailureAnalysisReporter   : 

***************************
APPLICATION FAILED TO START
***************************

Description:

Web server failed to start. Port 8080 was already in use.

Action:

Identify and stop the process that's listening on port 8080 or configure this application to listen on another port.

2021-03-02 14:44:51.642  INFO 182 --- [           main] o.s.s.concurrent.ThreadPoolTaskExecutor  : Shutting down ExecutorService 'applicationTaskExecutor'
2021-03-02 14:44:51.648 ERROR 182 --- [           main] o.s.test.context.TestContextManager      : Caught exception while allowing TestExecutionListener [org.springframework.boot.test.autoconfigure.SpringBootDependencyInjectionTestExecutionListener@3212a8d7] to prepare test instance [pl.pandait.panda.PandaApplicationSeleniumTest@33b1c5c5]

java.lang.IllegalStateException: Failed to load ApplicationContext
	at org.springframework.test.context.cache.DefaultCacheAwareContextLoaderDelegate.loadContext(DefaultCacheAwareContextLoaderDelegate.java:132) ~[spring-test-5.2.3.RELEASE.jar:5.2.3.RELEASE]
	at org.springframework.test.context.support.DefaultTestContext.getApplicationContext(DefaultTestContext.java:123) ~[spring-test-5.2.3.RELEASE.jar:5.2.3.RELEASE]
	at org.springframework.test.context.support.DependencyInjectionTestExecutionListener.injectDependencies(DependencyInjectionTestExecutionListener.java:118) ~[spring-test-5.2.3.RELEASE.jar:5.2.3.RELEASE]
	at org.springframework.test.context.support.DependencyInjectionTestExecutionListener.prepareTestInstance(DependencyInjectionTestExecutionListener.java:83) ~[spring-test-5.2.3.RELEASE.jar:5.2.3.RELEASE]
	at org.springframework.boot.test.autoconfigure.SpringBootDependencyInjectionTestExecutionListener.prepareTestInstance(SpringBootDependencyInjectionTestExecutionListener.java:43) ~[spring-boot-test-autoconfigure-2.2.4.RELEASE.jar:2.2.4.RELEASE]
	at org.springframework.test.context.TestContextManager.prepareTestInstance(TestContextManager.java:244) ~[spring-test-5.2.3.RELEASE.jar:5.2.3.RELEASE]
	at org.springframework.test.context.junit.jupiter.SpringExtension.postProcessTestInstance(SpringExtension.java:98) ~[spring-test-5.2.3.RELEASE.jar:5.2.3.RELEASE]
	at org.junit.jupiter.engine.descriptor.ClassBasedTestDescriptor.lambda$invokeTestInstancePostProcessors$5(ClassBasedTestDescriptor.java:337) ~[junit-jupiter-engine-5.5.2.jar:5.5.2]
	at org.junit.jupiter.engine.descriptor.ClassBasedTestDescriptor.executeAndMaskThrowable(ClassBasedTestDescriptor.java:342) ~[junit-jupiter-engine-5.5.2.jar:5.5.2]
	at org.junit.jupiter.engine.descriptor.ClassBasedTestDescriptor.lambda$invokeTestInstancePostProcessors$6(ClassBasedTestDescriptor.java:337) ~[junit-jupiter-engine-5.5.2.jar:5.5.2]
	at java.base/java.util.stream.ReferencePipeline$3$1.accept(ReferencePipeline.java:195) ~[na:na]
	at java.base/java.util.stream.ReferencePipeline$2$1.accept(ReferencePipeline.java:177) ~[na:na]
	at java.base/java.util.ArrayList$ArrayListSpliterator.forEachRemaining(ArrayList.java:1655) ~[na:na]
	at java.base/java.util.stream.AbstractPipeline.copyInto(AbstractPipeline.java:484) ~[na:na]
	at java.base/java.util.stream.AbstractPipeline.wrapAndCopyInto(AbstractPipeline.java:474) ~[na:na]
	at java.base/java.util.stream.StreamSpliterators$WrappingSpliterator.forEachRemaining(StreamSpliterators.java:312) ~[na:na]
	at java.base/java.util.stream.Streams$ConcatSpliterator.forEachRemaining(Streams.java:735) ~[na:na]
	at java.base/java.util.stream.Streams$ConcatSpliterator.forEachRemaining(Streams.java:734) ~[na:na]
	at java.base/java.util.stream.ReferencePipeline$Head.forEach(ReferencePipeline.java:658) ~[na:na]
	at org.junit.jupiter.engine.descriptor.ClassBasedTestDescriptor.invokeTestInstancePostProcessors(ClassBasedTestDescriptor.java:336) ~[junit-jupiter-engine-5.5.2.jar:5.5.2]
	at org.junit.jupiter.engine.descriptor.ClassBasedTestDescriptor.instantiateAndPostProcessTestInstance(ClassBasedTestDescriptor.java:259) ~[junit-jupiter-engine-5.5.2.jar:5.5.2]
	at org.junit.jupiter.engine.descriptor.ClassBasedTestDescriptor.lambda$testInstancesProvider$2(ClassBasedTestDescriptor.java:252) ~[junit-jupiter-engine-5.5.2.jar:5.5.2]
	at java.base/java.util.Optional.orElseGet(Optional.java:369) ~[na:na]
	at org.junit.jupiter.engine.descriptor.ClassBasedTestDescriptor.lambda$testInstancesProvider$3(ClassBasedTestDescriptor.java:251) ~[junit-jupiter-engine-5.5.2.jar:5.5.2]
	at org.junit.jupiter.engine.execution.TestInstancesProvider.getTestInstances(TestInstancesProvider.java:29) ~[junit-jupiter-engine-5.5.2.jar:5.5.2]
	at org.junit.jupiter.engine.descriptor.TestMethodTestDescriptor.lambda$prepare$0(TestMethodTestDescriptor.java:106) ~[junit-jupiter-engine-5.5.2.jar:5.5.2]
	at org.junit.platform.engine.support.hierarchical.ThrowableCollector.execute(ThrowableCollector.java:73) ~[junit-platform-engine-1.5.2.jar:1.5.2]
	at org.junit.jupiter.engine.descriptor.TestMethodTestDescriptor.prepare(TestMethodTestDescriptor.java:105) ~[junit-jupiter-engine-5.5.2.jar:5.5.2]
	at org.junit.jupiter.engine.descriptor.TestMethodTestDescriptor.prepare(TestMethodTestDescriptor.java:69) ~[junit-jupiter-engine-5.5.2.jar:5.5.2]
	at org.junit.platform.engine.support.hierarchical.NodeTestTask.lambda$prepare$1(NodeTestTask.java:107) ~[junit-platform-engine-1.5.2.jar:1.5.2]
	at org.junit.platform.engine.support.hierarchical.ThrowableCollector.execute(ThrowableCollector.java:73) ~[junit-platform-engine-1.5.2.jar:1.5.2]
	at org.junit.platform.engine.support.hierarchical.NodeTestTask.prepare(NodeTestTask.java:107) ~[junit-platform-engine-1.5.2.jar:1.5.2]
	at org.junit.platform.engine.support.hierarchical.NodeTestTask.execute(NodeTestTask.java:75) ~[junit-platform-engine-1.5.2.jar:1.5.2]
	at java.base/java.util.ArrayList.forEach(ArrayList.java:1541) ~[na:na]
	at org.junit.platform.engine.support.hierarchical.SameThreadHierarchicalTestExecutorService.invokeAll(SameThreadHierarchicalTestExecutorService.java:38) ~[junit-platform-engine-1.5.2.jar:1.5.2]
	at org.junit.platform.engine.support.hierarchical.NodeTestTask.lambda$executeRecursively$5(NodeTestTask.java:139) ~[junit-platform-engine-1.5.2.jar:1.5.2]
	at org.junit.platform.engine.support.hierarchical.ThrowableCollector.execute(ThrowableCollector.java:73) ~[junit-platform-engine-1.5.2.jar:1.5.2]
	at org.junit.platform.engine.support.hierarchical.NodeTestTask.lambda$executeRecursively$7(NodeTestTask.java:125) ~[junit-platform-engine-1.5.2.jar:1.5.2]
	at org.junit.platform.engine.support.hierarchical.Node.around(Node.java:135) ~[junit-platform-engine-1.5.2.jar:1.5.2]
	at org.junit.platform.engine.support.hierarchical.NodeTestTask.lambda$executeRecursively$8(NodeTestTask.java:123) ~[junit-platform-engine-1.5.2.jar:1.5.2]
	at org.junit.platform.engine.support.hierarchical.ThrowableCollector.execute(ThrowableCollector.java:73) ~[junit-platform-engine-1.5.2.jar:1.5.2]
	at org.junit.platform.engine.support.hierarchical.NodeTestTask.executeRecursively(NodeTestTask.java:122) ~[junit-platform-engine-1.5.2.jar:1.5.2]
	at org.junit.platform.engine.support.hierarchical.NodeTestTask.execute(NodeTestTask.java:80) ~[junit-platform-engine-1.5.2.jar:1.5.2]
	at java.base/java.util.ArrayList.forEach(ArrayList.java:1541) ~[na:na]
	at org.junit.platform.engine.support.hierarchical.SameThreadHierarchicalTestExecutorService.invokeAll(SameThreadHierarchicalTestExecutorService.java:38) ~[junit-platform-engine-1.5.2.jar:1.5.2]
	at org.junit.platform.engine.support.hierarchical.NodeTestTask.lambda$executeRecursively$5(NodeTestTask.java:139) ~[junit-platform-engine-1.5.2.jar:1.5.2]
	at org.junit.platform.engine.support.hierarchical.ThrowableCollector.execute(ThrowableCollector.java:73) ~[junit-platform-engine-1.5.2.jar:1.5.2]
	at org.junit.platform.engine.support.hierarchical.NodeTestTask.lambda$executeRecursively$7(NodeTestTask.java:125) ~[junit-platform-engine-1.5.2.jar:1.5.2]
	at org.junit.platform.engine.support.hierarchical.Node.around(Node.java:135) ~[junit-platform-engine-1.5.2.jar:1.5.2]
	at org.junit.platform.engine.support.hierarchical.NodeTestTask.lambda$executeRecursively$8(NodeTestTask.java:123) ~[junit-platform-engine-1.5.2.jar:1.5.2]
	at org.junit.platform.engine.support.hierarchical.ThrowableCollector.execute(ThrowableCollector.java:73) ~[junit-platform-engine-1.5.2.jar:1.5.2]
	at org.junit.platform.engine.support.hierarchical.NodeTestTask.executeRecursively(NodeTestTask.java:122) ~[junit-platform-engine-1.5.2.jar:1.5.2]
	at org.junit.platform.engine.support.hierarchical.NodeTestTask.execute(NodeTestTask.java:80) ~[junit-platform-engine-1.5.2.jar:1.5.2]
	at org.junit.platform.engine.support.hierarchical.SameThreadHierarchicalTestExecutorService.submit(SameThreadHierarchicalTestExecutorService.java:32) ~[junit-platform-engine-1.5.2.jar:1.5.2]
	at org.junit.platform.engine.support.hierarchical.HierarchicalTestExecutor.execute(HierarchicalTestExecutor.java:57) ~[junit-platform-engine-1.5.2.jar:1.5.2]
	at org.junit.platform.engine.support.hierarchical.HierarchicalTestEngine.execute(HierarchicalTestEngine.java:51) ~[junit-platform-engine-1.5.2.jar:1.5.2]
	at org.junit.platform.launcher.core.DefaultLauncher.execute(DefaultLauncher.java:220) ~[junit-platform-launcher-1.3.1.jar:1.3.1]
	at org.junit.platform.launcher.core.DefaultLauncher.lambda$execute$6(DefaultLauncher.java:188) ~[junit-platform-launcher-1.3.1.jar:1.3.1]
	at org.junit.platform.launcher.core.DefaultLauncher.withInterceptedStreams(DefaultLauncher.java:202) ~[junit-platform-launcher-1.3.1.jar:1.3.1]
	at org.junit.platform.launcher.core.DefaultLauncher.execute(DefaultLauncher.java:181) ~[junit-platform-launcher-1.3.1.jar:1.3.1]
	at org.junit.platform.launcher.core.DefaultLauncher.execute(DefaultLauncher.java:128) ~[junit-platform-launcher-1.3.1.jar:1.3.1]
	at org.apache.maven.surefire.junitplatform.JUnitPlatformProvider.invokeAllTests(JUnitPlatformProvider.java:150) ~[surefire-junit-platform-2.22.2.jar:2.22.2]
	at org.apache.maven.surefire.junitplatform.JUnitPlatformProvider.invoke(JUnitPlatformProvider.java:124) ~[surefire-junit-platform-2.22.2.jar:2.22.2]
	at org.apache.maven.surefire.booter.ForkedBooter.invokeProviderInSameClassLoader(ForkedBooter.java:384) ~[surefire-booter-2.22.2.jar:2.22.2]
	at org.apache.maven.surefire.booter.ForkedBooter.runSuitesInProcess(ForkedBooter.java:345) ~[surefire-booter-2.22.2.jar:2.22.2]
	at org.apache.maven.surefire.booter.ForkedBooter.execute(ForkedBooter.java:126) ~[surefire-booter-2.22.2.jar:2.22.2]
	at org.apache.maven.surefire.booter.ForkedBooter.main(ForkedBooter.java:418) ~[surefire-booter-2.22.2.jar:2.22.2]
Caused by: org.springframework.boot.web.server.PortInUseException: Port 8080 is already in use
	at org.springframework.boot.web.embedded.tomcat.TomcatWebServer.start(TomcatWebServer.java:213) ~[spring-boot-2.2.4.RELEASE.jar:2.2.4.RELEASE]
	at org.springframework.boot.web.servlet.context.ServletWebServerApplicationContext.startWebServer(ServletWebServerApplicationContext.java:297) ~[spring-boot-2.2.4.RELEASE.jar:2.2.4.RELEASE]
	at org.springframework.boot.web.servlet.context.ServletWebServerApplicationContext.finishRefresh(ServletWebServerApplicationContext.java:163) ~[spring-boot-2.2.4.RELEASE.jar:2.2.4.RELEASE]
	at org.springframework.context.support.AbstractApplicationContext.refresh(AbstractApplicationContext.java:553) ~[spring-context-5.2.3.RELEASE.jar:5.2.3.RELEASE]
	at org.springframework.boot.web.servlet.context.ServletWebServerApplicationContext.refresh(ServletWebServerApplicationContext.java:141) ~[spring-boot-2.2.4.RELEASE.jar:2.2.4.RELEASE]
	at org.springframework.boot.SpringApplication.refresh(SpringApplication.java:747) ~[spring-boot-2.2.4.RELEASE.jar:2.2.4.RELEASE]
	at org.springframework.boot.SpringApplication.refreshContext(SpringApplication.java:397) ~[spring-boot-2.2.4.RELEASE.jar:2.2.4.RELEASE]
	at org.springframework.boot.SpringApplication.run(SpringApplication.java:315) ~[spring-boot-2.2.4.RELEASE.jar:2.2.4.RELEASE]
	at org.springframework.boot.test.context.SpringBootContextLoader.loadContext(SpringBootContextLoader.java:126) ~[spring-boot-test-2.2.4.RELEASE.jar:2.2.4.RELEASE]
	at org.springframework.test.context.cache.DefaultCacheAwareContextLoaderDelegate.loadContextInternal(DefaultCacheAwareContextLoaderDelegate.java:99) ~[spring-test-5.2.3.RELEASE.jar:5.2.3.RELEASE]
	at org.springframework.test.context.cache.DefaultCacheAwareContextLoaderDelegate.loadContext(DefaultCacheAwareContextLoaderDelegate.java:124) ~[spring-test-5.2.3.RELEASE.jar:5.2.3.RELEASE]
	... 66 common frames omitted


  .   ____          _            __ _ _
 /\\ / ___'_ __ _ _(_)_ __  __ _ \ \ \ \
( ( )\___ | '_ | '_| | '_ \/ _` | \ \ \ \
 \\/  ___)| |_)| | | | | || (_| |  ) ) ) )
  '  |____| .__|_| |_|_| |_\__, | / / / /
 =========|_|==============|___/=/_/_/_/
 :: Spring Boot ::        (v2.2.4.RELEASE)

2021-03-02 14:44:51.704  INFO 182 --- [           main] p.p.panda.PandaApplicationSeleniumTest   : Starting PandaApplicationSeleniumTest on 9bbee387e600 with PID 182 (started by jenkins in /var/jenkins_home/workspace/Szymon)
2021-03-02 14:44:51.705  INFO 182 --- [           main] p.p.panda.PandaApplicationSeleniumTest   : No active profile set, falling back to default profiles: default
2021-03-02 14:44:51.958  INFO 182 --- [           main] o.s.b.w.embedded.tomcat.TomcatWebServer  : Tomcat initialized with port(s): 8080 (http)
2021-03-02 14:44:51.960  INFO 182 --- [           main] o.apache.catalina.core.StandardService   : Starting service [Tomcat]
2021-03-02 14:44:51.960  INFO 182 --- [           main] org.apache.catalina.core.StandardEngine  : Starting Servlet engine: [Apache Tomcat/9.0.30]
2021-03-02 14:44:51.981  INFO 182 --- [           main] o.a.c.c.C.[Tomcat-2].[localhost].[/]     : Initializing Spring embedded WebApplicationContext
2021-03-02 14:44:51.981  INFO 182 --- [           main] o.s.web.context.ContextLoader            : Root WebApplicationContext: initialization completed in 273 ms
2021-03-02 14:44:52.176  INFO 182 --- [           main] o.s.s.concurrent.ThreadPoolTaskExecutor  : Initializing ExecutorService 'applicationTaskExecutor'
2021-03-02 14:44:52.211  INFO 182 --- [           main] o.s.b.a.w.s.WelcomePageHandlerMapping    : Adding welcome page: class path resource [static/index.html]
2021-03-02 14:44:52.358  INFO 182 --- [           main] o.apache.catalina.core.StandardService   : Stopping service [Tomcat]
2021-03-02 14:44:52.362  INFO 182 --- [           main] ConditionEvaluationReportLoggingListener : 

Error starting ApplicationContext. To display the conditions report re-run your application with 'debug' enabled.
2021-03-02 14:44:52.362 ERROR 182 --- [           main] o.s.b.d.LoggingFailureAnalysisReporter   : 

***************************
APPLICATION FAILED TO START
***************************

Description:

Web server failed to start. Port 8080 was already in use.

Action:

Identify and stop the process that's listening on port 8080 or configure this application to listen on another port.

2021-03-02 14:44:52.363  INFO 182 --- [           main] o.s.s.concurrent.ThreadPoolTaskExecutor  : Shutting down ExecutorService 'applicationTaskExecutor'

  .   ____          _            __ _ _
 /\\ / ___'_ __ _ _(_)_ __  __ _ \ \ \ \
( ( )\___ | '_ | '_| | '_ \/ _` | \ \ \ \
 \\/  ___)| |_)| | | | | || (_| |  ) ) ) )
  '  |____| .__|_| |_|_| |_\__, | / / / /
 =========|_|==============|___/=/_/_/_/
 :: Spring Boot ::        (v2.2.4.RELEASE)

2021-03-02 14:44:52.384  INFO 182 --- [           main] p.p.panda.PandaApplicationSeleniumTest   : Starting PandaApplicationSeleniumTest on 9bbee387e600 with PID 182 (started by jenkins in /var/jenkins_home/workspace/Szymon)
2021-03-02 14:44:52.384  INFO 182 --- [           main] p.p.panda.PandaApplicationSeleniumTest   : No active profile set, falling back to default profiles: default
2021-03-02 14:44:52.624  INFO 182 --- [           main] o.s.b.w.embedded.tomcat.TomcatWebServer  : Tomcat initialized with port(s): 8080 (http)
2021-03-02 14:44:52.625  INFO 182 --- [           main] o.apache.catalina.core.StandardService   : Starting service [Tomcat]
2021-03-02 14:44:52.626  INFO 182 --- [           main] org.apache.catalina.core.StandardEngine  : Starting Servlet engine: [Apache Tomcat/9.0.30]
2021-03-02 14:44:52.645  INFO 182 --- [           main] o.a.c.c.C.[Tomcat-3].[localhost].[/]     : Initializing Spring embedded WebApplicationContext
2021-03-02 14:44:52.646  INFO 182 --- [           main] o.s.web.context.ContextLoader            : Root WebApplicationContext: initialization completed in 259 ms
2021-03-02 14:44:52.828  INFO 182 --- [           main] o.s.s.concurrent.ThreadPoolTaskExecutor  : Initializing ExecutorService 'applicationTaskExecutor'
2021-03-02 14:44:52.863  INFO 182 --- [           main] o.s.b.a.w.s.WelcomePageHandlerMapping    : Adding welcome page: class path resource [static/index.html]
2021-03-02 14:44:53.002  INFO 182 --- [           main] o.apache.catalina.core.StandardService   : Stopping service [Tomcat]
2021-03-02 14:44:53.006  INFO 182 --- [           main] ConditionEvaluationReportLoggingListener : 

Error starting ApplicationContext. To display the conditions report re-run your application with 'debug' enabled.
2021-03-02 14:44:53.008 ERROR 182 --- [           main] o.s.b.d.LoggingFailureAnalysisReporter   : 

***************************
APPLICATION FAILED TO START
***************************

Description:

Web server failed to start. Port 8080 was already in use.

Action:

Identify and stop the process that's listening on port 8080 or configure this application to listen on another port.

2021-03-02 14:44:53.009  INFO 182 --- [           main] o.s.s.concurrent.ThreadPoolTaskExecutor  : Shutting down ExecutorService 'applicationTaskExecutor'
2021-03-02 14:44:53.010 ERROR 182 --- [           main] o.s.test.context.TestContextManager      : Caught exception while allowing TestExecutionListener [org.springframework.boot.test.autoconfigure.SpringBootDependencyInjectionTestExecutionListener@3212a8d7] to prepare test instance [pl.pandait.panda.PandaApplicationSeleniumTest@3c17bd0b]

java.lang.IllegalStateException: Failed to load ApplicationContext
	at org.springframework.test.context.cache.DefaultCacheAwareContextLoaderDelegate.loadContext(DefaultCacheAwareContextLoaderDelegate.java:132) ~[spring-test-5.2.3.RELEASE.jar:5.2.3.RELEASE]
	at org.springframework.test.context.support.DefaultTestContext.getApplicationContext(DefaultTestContext.java:123) ~[spring-test-5.2.3.RELEASE.jar:5.2.3.RELEASE]
	at org.springframework.test.context.support.DependencyInjectionTestExecutionListener.injectDependencies(DependencyInjectionTestExecutionListener.java:118) ~[spring-test-5.2.3.RELEASE.jar:5.2.3.RELEASE]
	at org.springframework.test.context.support.DependencyInjectionTestExecutionListener.prepareTestInstance(DependencyInjectionTestExecutionListener.java:83) ~[spring-test-5.2.3.RELEASE.jar:5.2.3.RELEASE]
	at org.springframework.boot.test.autoconfigure.SpringBootDependencyInjectionTestExecutionListener.prepareTestInstance(SpringBootDependencyInjectionTestExecutionListener.java:43) ~[spring-boot-test-autoconfigure-2.2.4.RELEASE.jar:2.2.4.RELEASE]
	at org.springframework.test.context.TestContextManager.prepareTestInstance(TestContextManager.java:244) ~[spring-test-5.2.3.RELEASE.jar:5.2.3.RELEASE]
	at org.springframework.test.context.junit.jupiter.SpringExtension.postProcessTestInstance(SpringExtension.java:98) ~[spring-test-5.2.3.RELEASE.jar:5.2.3.RELEASE]
	at org.junit.jupiter.engine.descriptor.ClassBasedTestDescriptor.lambda$invokeTestInstancePostProcessors$5(ClassBasedTestDescriptor.java:337) ~[junit-jupiter-engine-5.5.2.jar:5.5.2]
	at org.junit.jupiter.engine.descriptor.ClassBasedTestDescriptor.executeAndMaskThrowable(ClassBasedTestDescriptor.java:342) ~[junit-jupiter-engine-5.5.2.jar:5.5.2]
	at org.junit.jupiter.engine.descriptor.ClassBasedTestDescriptor.lambda$invokeTestInstancePostProcessors$6(ClassBasedTestDescriptor.java:337) ~[junit-jupiter-engine-5.5.2.jar:5.5.2]
	at java.base/java.util.stream.ReferencePipeline$3$1.accept(ReferencePipeline.java:195) ~[na:na]
	at java.base/java.util.stream.ReferencePipeline$2$1.accept(ReferencePipeline.java:177) ~[na:na]
	at java.base/java.util.ArrayList$ArrayListSpliterator.forEachRemaining(ArrayList.java:1655) ~[na:na]
	at java.base/java.util.stream.AbstractPipeline.copyInto(AbstractPipeline.java:484) ~[na:na]
	at java.base/java.util.stream.AbstractPipeline.wrapAndCopyInto(AbstractPipeline.java:474) ~[na:na]
	at java.base/java.util.stream.StreamSpliterators$WrappingSpliterator.forEachRemaining(StreamSpliterators.java:312) ~[na:na]
	at java.base/java.util.stream.Streams$ConcatSpliterator.forEachRemaining(Streams.java:735) ~[na:na]
	at java.base/java.util.stream.Streams$ConcatSpliterator.forEachRemaining(Streams.java:734) ~[na:na]
	at java.base/java.util.stream.ReferencePipeline$Head.forEach(ReferencePipeline.java:658) ~[na:na]
	at org.junit.jupiter.engine.descriptor.ClassBasedTestDescriptor.invokeTestInstancePostProcessors(ClassBasedTestDescriptor.java:336) ~[junit-jupiter-engine-5.5.2.jar:5.5.2]
	at org.junit.jupiter.engine.descriptor.ClassBasedTestDescriptor.instantiateAndPostProcessTestInstance(ClassBasedTestDescriptor.java:259) ~[junit-jupiter-engine-5.5.2.jar:5.5.2]
	at org.junit.jupiter.engine.descriptor.ClassBasedTestDescriptor.lambda$testInstancesProvider$2(ClassBasedTestDescriptor.java:252) ~[junit-jupiter-engine-5.5.2.jar:5.5.2]
	at java.base/java.util.Optional.orElseGet(Optional.java:369) ~[na:na]
	at org.junit.jupiter.engine.descriptor.ClassBasedTestDescriptor.lambda$testInstancesProvider$3(ClassBasedTestDescriptor.java:251) ~[junit-jupiter-engine-5.5.2.jar:5.5.2]
	at org.junit.jupiter.engine.execution.TestInstancesProvider.getTestInstances(TestInstancesProvider.java:29) ~[junit-jupiter-engine-5.5.2.jar:5.5.2]
	at org.junit.jupiter.engine.descriptor.TestMethodTestDescriptor.lambda$prepare$0(TestMethodTestDescriptor.java:106) ~[junit-jupiter-engine-5.5.2.jar:5.5.2]
	at org.junit.platform.engine.support.hierarchical.ThrowableCollector.execute(ThrowableCollector.java:73) ~[junit-platform-engine-1.5.2.jar:1.5.2]
	at org.junit.jupiter.engine.descriptor.TestMethodTestDescriptor.prepare(TestMethodTestDescriptor.java:105) ~[junit-jupiter-engine-5.5.2.jar:5.5.2]
	at org.junit.jupiter.engine.descriptor.TestMethodTestDescriptor.prepare(TestMethodTestDescriptor.java:69) ~[junit-jupiter-engine-5.5.2.jar:5.5.2]
	at org.junit.platform.engine.support.hierarchical.NodeTestTask.lambda$prepare$1(NodeTestTask.java:107) ~[junit-platform-engine-1.5.2.jar:1.5.2]
	at org.junit.platform.engine.support.hierarchical.ThrowableCollector.execute(ThrowableCollector.java:73) ~[junit-platform-engine-1.5.2.jar:1.5.2]
	at org.junit.platform.engine.support.hierarchical.NodeTestTask.prepare(NodeTestTask.java:107) ~[junit-platform-engine-1.5.2.jar:1.5.2]
	at org.junit.platform.engine.support.hierarchical.NodeTestTask.execute(NodeTestTask.java:75) ~[junit-platform-engine-1.5.2.jar:1.5.2]
	at java.base/java.util.ArrayList.forEach(ArrayList.java:1541) ~[na:na]
	at org.junit.platform.engine.support.hierarchical.SameThreadHierarchicalTestExecutorService.invokeAll(SameThreadHierarchicalTestExecutorService.java:38) ~[junit-platform-engine-1.5.2.jar:1.5.2]
	at org.junit.platform.engine.support.hierarchical.NodeTestTask.lambda$executeRecursively$5(NodeTestTask.java:139) ~[junit-platform-engine-1.5.2.jar:1.5.2]
	at org.junit.platform.engine.support.hierarchical.ThrowableCollector.execute(ThrowableCollector.java:73) ~[junit-platform-engine-1.5.2.jar:1.5.2]
	at org.junit.platform.engine.support.hierarchical.NodeTestTask.lambda$executeRecursively$7(NodeTestTask.java:125) ~[junit-platform-engine-1.5.2.jar:1.5.2]
	at org.junit.platform.engine.support.hierarchical.Node.around(Node.java:135) ~[junit-platform-engine-1.5.2.jar:1.5.2]
	at org.junit.platform.engine.support.hierarchical.NodeTestTask.lambda$executeRecursively$8(NodeTestTask.java:123) ~[junit-platform-engine-1.5.2.jar:1.5.2]
	at org.junit.platform.engine.support.hierarchical.ThrowableCollector.execute(ThrowableCollector.java:73) ~[junit-platform-engine-1.5.2.jar:1.5.2]
	at org.junit.platform.engine.support.hierarchical.NodeTestTask.executeRecursively(NodeTestTask.java:122) ~[junit-platform-engine-1.5.2.jar:1.5.2]
	at org.junit.platform.engine.support.hierarchical.NodeTestTask.execute(NodeTestTask.java:80) ~[junit-platform-engine-1.5.2.jar:1.5.2]
	at java.base/java.util.ArrayList.forEach(ArrayList.java:1541) ~[na:na]
	at org.junit.platform.engine.support.hierarchical.SameThreadHierarchicalTestExecutorService.invokeAll(SameThreadHierarchicalTestExecutorService.java:38) ~[junit-platform-engine-1.5.2.jar:1.5.2]
	at org.junit.platform.engine.support.hierarchical.NodeTestTask.lambda$executeRecursively$5(NodeTestTask.java:139) ~[junit-platform-engine-1.5.2.jar:1.5.2]
	at org.junit.platform.engine.support.hierarchical.ThrowableCollector.execute(ThrowableCollector.java:73) ~[junit-platform-engine-1.5.2.jar:1.5.2]
	at org.junit.platform.engine.support.hierarchical.NodeTestTask.lambda$executeRecursively$7(NodeTestTask.java:125) ~[junit-platform-engine-1.5.2.jar:1.5.2]
	at org.junit.platform.engine.support.hierarchical.Node.around(Node.java:135) ~[junit-platform-engine-1.5.2.jar:1.5.2]
	at org.junit.platform.engine.support.hierarchical.NodeTestTask.lambda$executeRecursively$8(NodeTestTask.java:123) ~[junit-platform-engine-1.5.2.jar:1.5.2]
	at org.junit.platform.engine.support.hierarchical.ThrowableCollector.execute(ThrowableCollector.java:73) ~[junit-platform-engine-1.5.2.jar:1.5.2]
	at org.junit.platform.engine.support.hierarchical.NodeTestTask.executeRecursively(NodeTestTask.java:122) ~[junit-platform-engine-1.5.2.jar:1.5.2]
	at org.junit.platform.engine.support.hierarchical.NodeTestTask.execute(NodeTestTask.java:80) ~[junit-platform-engine-1.5.2.jar:1.5.2]
	at org.junit.platform.engine.support.hierarchical.SameThreadHierarchicalTestExecutorService.submit(SameThreadHierarchicalTestExecutorService.java:32) ~[junit-platform-engine-1.5.2.jar:1.5.2]
	at org.junit.platform.engine.support.hierarchical.HierarchicalTestExecutor.execute(HierarchicalTestExecutor.java:57) ~[junit-platform-engine-1.5.2.jar:1.5.2]
	at org.junit.platform.engine.support.hierarchical.HierarchicalTestEngine.execute(HierarchicalTestEngine.java:51) ~[junit-platform-engine-1.5.2.jar:1.5.2]
	at org.junit.platform.launcher.core.DefaultLauncher.execute(DefaultLauncher.java:220) ~[junit-platform-launcher-1.3.1.jar:1.3.1]
	at org.junit.platform.launcher.core.DefaultLauncher.lambda$execute$6(DefaultLauncher.java:188) ~[junit-platform-launcher-1.3.1.jar:1.3.1]
	at org.junit.platform.launcher.core.DefaultLauncher.withInterceptedStreams(DefaultLauncher.java:202) ~[junit-platform-launcher-1.3.1.jar:1.3.1]
	at org.junit.platform.launcher.core.DefaultLauncher.execute(DefaultLauncher.java:181) ~[junit-platform-launcher-1.3.1.jar:1.3.1]
	at org.junit.platform.launcher.core.DefaultLauncher.execute(DefaultLauncher.java:128) ~[junit-platform-launcher-1.3.1.jar:1.3.1]
	at org.apache.maven.surefire.junitplatform.JUnitPlatformProvider.invokeAllTests(JUnitPlatformProvider.java:150) ~[surefire-junit-platform-2.22.2.jar:2.22.2]
	at org.apache.maven.surefire.junitplatform.JUnitPlatformProvider.invoke(JUnitPlatformProvider.java:124) ~[surefire-junit-platform-2.22.2.jar:2.22.2]
	at org.apache.maven.surefire.booter.ForkedBooter.invokeProviderInSameClassLoader(ForkedBooter.java:384) ~[surefire-booter-2.22.2.jar:2.22.2]
	at org.apache.maven.surefire.booter.ForkedBooter.runSuitesInProcess(ForkedBooter.java:345) ~[surefire-booter-2.22.2.jar:2.22.2]
	at org.apache.maven.surefire.booter.ForkedBooter.execute(ForkedBooter.java:126) ~[surefire-booter-2.22.2.jar:2.22.2]
	at org.apache.maven.surefire.booter.ForkedBooter.main(ForkedBooter.java:418) ~[surefire-booter-2.22.2.jar:2.22.2]
Caused by: org.springframework.boot.web.server.PortInUseException: Port 8080 is already in use
	at org.springframework.boot.web.embedded.tomcat.TomcatWebServer.start(TomcatWebServer.java:213) ~[spring-boot-2.2.4.RELEASE.jar:2.2.4.RELEASE]
	at org.springframework.boot.web.servlet.context.ServletWebServerApplicationContext.startWebServer(ServletWebServerApplicationContext.java:297) ~[spring-boot-2.2.4.RELEASE.jar:2.2.4.RELEASE]
	at org.springframework.boot.web.servlet.context.ServletWebServerApplicationContext.finishRefresh(ServletWebServerApplicationContext.java:163) ~[spring-boot-2.2.4.RELEASE.jar:2.2.4.RELEASE]
	at org.springframework.context.support.AbstractApplicationContext.refresh(AbstractApplicationContext.java:553) ~[spring-context-5.2.3.RELEASE.jar:5.2.3.RELEASE]
	at org.springframework.boot.web.servlet.context.ServletWebServerApplicationContext.refresh(ServletWebServerApplicationContext.java:141) ~[spring-boot-2.2.4.RELEASE.jar:2.2.4.RELEASE]
	at org.springframework.boot.SpringApplication.refresh(SpringApplication.java:747) ~[spring-boot-2.2.4.RELEASE.jar:2.2.4.RELEASE]
	at org.springframework.boot.SpringApplication.refreshContext(SpringApplication.java:397) ~[spring-boot-2.2.4.RELEASE.jar:2.2.4.RELEASE]
	at org.springframework.boot.SpringApplication.run(SpringApplication.java:315) ~[spring-boot-2.2.4.RELEASE.jar:2.2.4.RELEASE]
	at org.springframework.boot.test.context.SpringBootContextLoader.loadContext(SpringBootContextLoader.java:126) ~[spring-boot-test-2.2.4.RELEASE.jar:2.2.4.RELEASE]
	at org.springframework.test.context.cache.DefaultCacheAwareContextLoaderDelegate.loadContextInternal(DefaultCacheAwareContextLoaderDelegate.java:99) ~[spring-test-5.2.3.RELEASE.jar:5.2.3.RELEASE]
	at org.springframework.test.context.cache.DefaultCacheAwareContextLoaderDelegate.loadContext(DefaultCacheAwareContextLoaderDelegate.java:124) ~[spring-test-5.2.3.RELEASE.jar:5.2.3.RELEASE]
	... 66 common frames omitted

[8mha:////4CgK6TUHMrSW1t96nukUd2ZYEPeBeQrBANlCTnhyKkUYAAAAYB+LCAAAAAAAAP9b85aBtbiIQSmjNKU4P0+vJLE4u1gvPjexLDVPzxdEuhYV5Rf55ZekOlc7RKnPKH7IxMBQUcQgBdWQnJ9XnJ+TqucMoUEKGSCAEaSwAACsNFCqYAAAAA==[0m[ERROR] Tests run: 2, Failures: 0, Errors: 2, Skipped: 0, Time elapsed: 8.851 s <<< FAILURE! - in pl.pandait.panda.PandaApplicationSeleniumTest
[8mha:////4CgK6TUHMrSW1t96nukUd2ZYEPeBeQrBANlCTnhyKkUYAAAAYB+LCAAAAAAAAP9b85aBtbiIQSmjNKU4P0+vJLE4u1gvPjexLDVPzxdEuhYV5Rf55ZekOlc7RKnPKH7IxMBQUcQgBdWQnJ9XnJ+TqucMoUEKGSCAEaSwAACsNFCqYAAAAA==[0m[ERROR] greetings_shouldOpenMainPageThenReturnWelcomeText  Time elapsed: 0.003 s  <<< ERROR!
java.lang.IllegalStateException: Failed to load ApplicationContext
Caused by: org.springframework.boot.web.server.PortInUseException: Port 8080 is already in use

[8mha:////4CgK6TUHMrSW1t96nukUd2ZYEPeBeQrBANlCTnhyKkUYAAAAYB+LCAAAAAAAAP9b85aBtbiIQSmjNKU4P0+vJLE4u1gvPjexLDVPzxdEuhYV5Rf55ZekOlc7RKnPKH7IxMBQUcQgBdWQnJ9XnJ+TqucMoUEKGSCAEaSwAACsNFCqYAAAAA==[0m[ERROR] greetings_shouldOpenSubpageThenReturnGreetingsText  Time elapsed: 0 s  <<< ERROR!
java.lang.IllegalStateException: Failed to load ApplicationContext
Caused by: org.springframework.boot.web.server.PortInUseException: Port 8080 is already in use

[INFO] Running pl.pandait.panda.PandaApplicationTest
2021-03-02 14:44:53.017  INFO 182 --- [           main] .b.t.c.SpringBootTestContextBootstrapper : Neither @ContextConfiguration nor @ContextHierarchy found for test class [pl.pandait.panda.PandaApplicationTest], using SpringBootContextLoader
2021-03-02 14:44:53.018  INFO 182 --- [           main] o.s.t.c.support.AbstractContextLoader    : Could not detect default resource locations for test class [pl.pandait.panda.PandaApplicationTest]: no resource found for suffixes {-context.xml, Context.groovy}.
2021-03-02 14:44:53.019  INFO 182 --- [           main] t.c.s.AnnotationConfigContextLoaderUtils : Could not detect default configuration classes for test class [pl.pandait.panda.PandaApplicationTest]: PandaApplicationTest does not declare any static, non-private, non-final, nested classes annotated with @Configuration.
2021-03-02 14:44:53.025  INFO 182 --- [           main] .b.t.c.SpringBootTestContextBootstrapper : Found @SpringBootConfiguration pl.pandait.panda.PandaApplication for test class pl.pandait.panda.PandaApplicationTest
2021-03-02 14:44:53.026  INFO 182 --- [           main] .b.t.c.SpringBootTestContextBootstrapper : Loaded default TestExecutionListener class names from location [META-INF/spring.factories]: [org.springframework.boot.test.mock.mockito.MockitoTestExecutionListener, org.springframework.boot.test.mock.mockito.ResetMocksTestExecutionListener, org.springframework.boot.test.autoconfigure.restdocs.RestDocsTestExecutionListener, org.springframework.boot.test.autoconfigure.web.client.MockRestServiceServerResetTestExecutionListener, org.springframework.boot.test.autoconfigure.web.servlet.MockMvcPrintOnlyOnFailureTestExecutionListener, org.springframework.boot.test.autoconfigure.web.servlet.WebDriverTestExecutionListener, org.springframework.test.context.web.ServletTestExecutionListener, org.springframework.test.context.support.DirtiesContextBeforeModesTestExecutionListener, org.springframework.test.context.support.DependencyInjectionTestExecutionListener, org.springframework.test.context.support.DirtiesContextTestExecutionListener, org.springframework.test.context.transaction.TransactionalTestExecutionListener, org.springframework.test.context.jdbc.SqlScriptsTestExecutionListener, org.springframework.test.context.event.EventPublishingTestExecutionListener]
2021-03-02 14:44:53.027  INFO 182 --- [           main] .b.t.c.SpringBootTestContextBootstrapper : Using TestExecutionListeners: [org.springframework.test.context.web.ServletTestExecutionListener@6fd1ea75, org.springframework.test.context.support.DirtiesContextBeforeModesTestExecutionListener@18e4551, org.springframework.boot.test.mock.mockito.MockitoTestExecutionListener@3ea48c37, org.springframework.boot.test.autoconfigure.SpringBootDependencyInjectionTestExecutionListener@11e834ad, org.springframework.test.context.support.DirtiesContextTestExecutionListener@710ae6a7, org.springframework.test.context.event.EventPublishingTestExecutionListener@25d911a, org.springframework.boot.test.mock.mockito.ResetMocksTestExecutionListener@18026052, org.springframework.boot.test.autoconfigure.restdocs.RestDocsTestExecutionListener@489f62a3, org.springframework.boot.test.autoconfigure.web.client.MockRestServiceServerResetTestExecutionListener@6e068ac9, org.springframework.boot.test.autoconfigure.web.servlet.MockMvcPrintOnlyOnFailureTestExecutionListener@3d0352, org.springframework.boot.test.autoconfigure.web.servlet.WebDriverTestExecutionListener@bb6f3f7]

  .   ____          _            __ _ _
 /\\ / ___'_ __ _ _(_)_ __  __ _ \ \ \ \
( ( )\___ | '_ | '_| | '_ \/ _` | \ \ \ \
 \\/  ___)| |_)| | | | | || (_| |  ) ) ) )
  '  |____| .__|_| |_|_| |_\__, | / / / /
 =========|_|==============|___/=/_/_/_/
 :: Spring Boot ::        (v2.2.4.RELEASE)

2021-03-02 14:44:53.050  INFO 182 --- [           main] pl.pandait.panda.PandaApplicationTest    : Starting PandaApplicationTest on 9bbee387e600 with PID 182 (started by jenkins in /var/jenkins_home/workspace/Szymon)
2021-03-02 14:44:53.050  INFO 182 --- [           main] pl.pandait.panda.PandaApplicationTest    : No active profile set, falling back to default profiles: default
2021-03-02 14:44:53.431  INFO 182 --- [           main] o.s.s.concurrent.ThreadPoolTaskExecutor  : Initializing ExecutorService 'applicationTaskExecutor'
2021-03-02 14:44:53.464  INFO 182 --- [           main] o.s.b.a.w.s.WelcomePageHandlerMapping    : Adding welcome page: class path resource [static/index.html]
2021-03-02 14:44:53.752  INFO 182 --- [           main] pl.pandait.panda.PandaApplicationTest    : Started PandaApplicationTest in 0.719 seconds (JVM running for 10.862)
[INFO] Tests run: 1, Failures: 0, Errors: 0, Skipped: 0, Time elapsed: 1.127 s - in pl.pandait.panda.PandaApplicationTest
[INFO] Running pl.pandait.panda.HelloControllerTest
2021-03-02 14:44:54.323  INFO 182 --- [           main] .b.t.c.SpringBootTestContextBootstrapper : Neither @ContextConfiguration nor @ContextHierarchy found for test class [pl.pandait.panda.HelloControllerTest], using SpringBootContextLoader
2021-03-02 14:44:54.324  INFO 182 --- [           main] o.s.t.c.support.AbstractContextLoader    : Could not detect default resource locations for test class [pl.pandait.panda.HelloControllerTest]: no resource found for suffixes {-context.xml, Context.groovy}.
2021-03-02 14:44:54.325  INFO 182 --- [           main] t.c.s.AnnotationConfigContextLoaderUtils : Could not detect default configuration classes for test class [pl.pandait.panda.HelloControllerTest]: HelloControllerTest does not declare any static, non-private, non-final, nested classes annotated with @Configuration.
2021-03-02 14:44:54.327  INFO 182 --- [           main] .b.t.c.SpringBootTestContextBootstrapper : Found @SpringBootConfiguration pl.pandait.panda.PandaApplication for test class pl.pandait.panda.HelloControllerTest
2021-03-02 14:44:54.328  INFO 182 --- [           main] .b.t.c.SpringBootTestContextBootstrapper : Loaded default TestExecutionListener class names from location [META-INF/spring.factories]: [org.springframework.boot.test.mock.mockito.MockitoTestExecutionListener, org.springframework.boot.test.mock.mockito.ResetMocksTestExecutionListener, org.springframework.boot.test.autoconfigure.restdocs.RestDocsTestExecutionListener, org.springframework.boot.test.autoconfigure.web.client.MockRestServiceServerResetTestExecutionListener, org.springframework.boot.test.autoconfigure.web.servlet.MockMvcPrintOnlyOnFailureTestExecutionListener, org.springframework.boot.test.autoconfigure.web.servlet.WebDriverTestExecutionListener, org.springframework.test.context.web.ServletTestExecutionListener, org.springframework.test.context.support.DirtiesContextBeforeModesTestExecutionListener, org.springframework.test.context.support.DependencyInjectionTestExecutionListener, org.springframework.test.context.support.DirtiesContextTestExecutionListener, org.springframework.test.context.transaction.TransactionalTestExecutionListener, org.springframework.test.context.jdbc.SqlScriptsTestExecutionListener, org.springframework.test.context.event.EventPublishingTestExecutionListener]
2021-03-02 14:44:54.330  INFO 182 --- [           main] .b.t.c.SpringBootTestContextBootstrapper : Using TestExecutionListeners: [org.springframework.test.context.web.ServletTestExecutionListener@533e2f4, org.springframework.test.context.support.DirtiesContextBeforeModesTestExecutionListener@436a563f, org.springframework.boot.test.mock.mockito.MockitoTestExecutionListener@538e74fc, org.springframework.boot.test.autoconfigure.SpringBootDependencyInjectionTestExecutionListener@7ecb9e17, org.springframework.test.context.support.DirtiesContextTestExecutionListener@6475e778, org.springframework.test.context.event.EventPublishingTestExecutionListener@75bf9e67, org.springframework.boot.test.mock.mockito.ResetMocksTestExecutionListener@55b62db8, org.springframework.boot.test.autoconfigure.restdocs.RestDocsTestExecutionListener@772f3a3f, org.springframework.boot.test.autoconfigure.web.client.MockRestServiceServerResetTestExecutionListener@3caa4d85, org.springframework.boot.test.autoconfigure.web.servlet.MockMvcPrintOnlyOnFailureTestExecutionListener@356fa0d1, org.springframework.boot.test.autoconfigure.web.servlet.WebDriverTestExecutionListener@51508029]

  .   ____          _            __ _ _
 /\\ / ___'_ __ _ _(_)_ __  __ _ \ \ \ \
( ( )\___ | '_ | '_| | '_ \/ _` | \ \ \ \
 \\/  ___)| |_)| | | | | || (_| |  ) ) ) )
  '  |____| .__|_| |_|_| |_\__, | / / / /
 =========|_|==============|___/=/_/_/_/
 :: Spring Boot ::        (v2.2.4.RELEASE)

2021-03-02 14:44:54.363  INFO 182 --- [           main] pl.pandait.panda.HelloControllerTest     : Starting HelloControllerTest on 9bbee387e600 with PID 182 (started by jenkins in /var/jenkins_home/workspace/Szymon)
2021-03-02 14:44:54.363  INFO 182 --- [           main] pl.pandait.panda.HelloControllerTest     : No active profile set, falling back to default profiles: default
2021-03-02 14:44:54.644  INFO 182 --- [           main] o.s.b.w.embedded.tomcat.TomcatWebServer  : Tomcat initialized with port(s): 0 (http)
2021-03-02 14:44:54.645  INFO 182 --- [           main] o.apache.catalina.core.StandardService   : Starting service [Tomcat]
2021-03-02 14:44:54.646  INFO 182 --- [           main] org.apache.catalina.core.StandardEngine  : Starting Servlet engine: [Apache Tomcat/9.0.30]
2021-03-02 14:44:54.666  INFO 182 --- [           main] o.a.c.c.C.[Tomcat-4].[localhost].[/]     : Initializing Spring embedded WebApplicationContext
2021-03-02 14:44:54.666  INFO 182 --- [           main] o.s.web.context.ContextLoader            : Root WebApplicationContext: initialization completed in 294 ms
2021-03-02 14:44:54.872  INFO 182 --- [           main] o.s.s.concurrent.ThreadPoolTaskExecutor  : Initializing ExecutorService 'applicationTaskExecutor'
2021-03-02 14:44:54.929  INFO 182 --- [           main] o.s.b.a.w.s.WelcomePageHandlerMapping    : Adding welcome page: class path resource [static/index.html]
2021-03-02 14:44:55.245  INFO 182 --- [           main] o.s.b.w.embedded.tomcat.TomcatWebServer  : Tomcat started on port(s): 32939 (http) with context path ''
2021-03-02 14:44:55.246  INFO 182 --- [           main] pl.pandait.panda.HelloControllerTest     : Started HelloControllerTest in 0.913 seconds (JVM running for 12.356)
2021-03-02 14:44:55.313  INFO 182 --- [           main] o.s.mock.web.MockServletContext          : Initializing Spring TestDispatcherServlet ''
2021-03-02 14:44:55.313  INFO 182 --- [           main] o.s.t.web.servlet.TestDispatcherServlet  : Initializing Servlet ''
2021-03-02 14:44:55.314  INFO 182 --- [           main] o.s.t.web.servlet.TestDispatcherServlet  : Completed initialization in 1 ms
[INFO] Tests run: 1, Failures: 0, Errors: 0, Skipped: 0, Time elapsed: 1.066 s - in pl.pandait.panda.HelloControllerTest
2021-03-02 14:44:55.430  INFO 182 --- [extShutdownHook] o.s.s.concurrent.ThreadPoolTaskExecutor  : Shutting down ExecutorService 'applicationTaskExecutor'
2021-03-02 14:44:55.437  INFO 182 --- [extShutdownHook] o.s.s.concurrent.ThreadPoolTaskExecutor  : Shutting down ExecutorService 'applicationTaskExecutor'
[INFO] 
[INFO] Results:
[INFO] 
[8mha:////4CgK6TUHMrSW1t96nukUd2ZYEPeBeQrBANlCTnhyKkUYAAAAYB+LCAAAAAAAAP9b85aBtbiIQSmjNKU4P0+vJLE4u1gvPjexLDVPzxdEuhYV5Rf55ZekOlc7RKnPKH7IxMBQUcQgBdWQnJ9XnJ+TqucMoUEKGSCAEaSwAACsNFCqYAAAAA==[0m[ERROR] Errors: 
[8mha:////4CgK6TUHMrSW1t96nukUd2ZYEPeBeQrBANlCTnhyKkUYAAAAYB+LCAAAAAAAAP9b85aBtbiIQSmjNKU4P0+vJLE4u1gvPjexLDVPzxdEuhYV5Rf55ZekOlc7RKnPKH7IxMBQUcQgBdWQnJ9XnJ+TqucMoUEKGSCAEaSwAACsNFCqYAAAAA==[0m[ERROR]   PandaApplicationSeleniumTest.greetings_shouldOpenMainPageThenReturnWelcomeText » IllegalState
[8mha:////4CgK6TUHMrSW1t96nukUd2ZYEPeBeQrBANlCTnhyKkUYAAAAYB+LCAAAAAAAAP9b85aBtbiIQSmjNKU4P0+vJLE4u1gvPjexLDVPzxdEuhYV5Rf55ZekOlc7RKnPKH7IxMBQUcQgBdWQnJ9XnJ+TqucMoUEKGSCAEaSwAACsNFCqYAAAAA==[0m[ERROR]   PandaApplicationSeleniumTest.greetings_shouldOpenSubpageThenReturnGreetingsText » IllegalState
[INFO] 
[8mha:////4CgK6TUHMrSW1t96nukUd2ZYEPeBeQrBANlCTnhyKkUYAAAAYB+LCAAAAAAAAP9b85aBtbiIQSmjNKU4P0+vJLE4u1gvPjexLDVPzxdEuhYV5Rf55ZekOlc7RKnPKH7IxMBQUcQgBdWQnJ9XnJ+TqucMoUEKGSCAEaSwAACsNFCqYAAAAA==[0m[ERROR] Tests run: 4, Failures: 0, Errors: 2, Skipped: 0
[INFO] 
[INFO] ------------------------------------------------------------------------
[INFO] BUILD FAILURE
[INFO] ------------------------------------------------------------------------
[INFO] Total time:  16.876 s
[INFO] Finished at: 2021-03-02T14:44:56Z
[INFO] ------------------------------------------------------------------------
[8mha:////4CgK6TUHMrSW1t96nukUd2ZYEPeBeQrBANlCTnhyKkUYAAAAYB+LCAAAAAAAAP9b85aBtbiIQSmjNKU4P0+vJLE4u1gvPjexLDVPzxdEuhYV5Rf55ZekOlc7RKnPKH7IxMBQUcQgBdWQnJ9XnJ+TqucMoUEKGSCAEaSwAACsNFCqYAAAAA==[0m[ERROR] Failed to execute goal org.apache.maven.plugins:maven-surefire-plugin:2.22.2:test (default-test) on project panda: There are test failures.
[8mha:////4CgK6TUHMrSW1t96nukUd2ZYEPeBeQrBANlCTnhyKkUYAAAAYB+LCAAAAAAAAP9b85aBtbiIQSmjNKU4P0+vJLE4u1gvPjexLDVPzxdEuhYV5Rf55ZekOlc7RKnPKH7IxMBQUcQgBdWQnJ9XnJ+TqucMoUEKGSCAEaSwAACsNFCqYAAAAA==[0m[ERROR] 
[8mha:////4CgK6TUHMrSW1t96nukUd2ZYEPeBeQrBANlCTnhyKkUYAAAAYB+LCAAAAAAAAP9b85aBtbiIQSmjNKU4P0+vJLE4u1gvPjexLDVPzxdEuhYV5Rf55ZekOlc7RKnPKH7IxMBQUcQgBdWQnJ9XnJ+TqucMoUEKGSCAEaSwAACsNFCqYAAAAA==[0m[ERROR] Please refer to /var/jenkins_home/workspace/Szymon/target/surefire-reports for the individual test results.
[8mha:////4CgK6TUHMrSW1t96nukUd2ZYEPeBeQrBANlCTnhyKkUYAAAAYB+LCAAAAAAAAP9b85aBtbiIQSmjNKU4P0+vJLE4u1gvPjexLDVPzxdEuhYV5Rf55ZekOlc7RKnPKH7IxMBQUcQgBdWQnJ9XnJ+TqucMoUEKGSCAEaSwAACsNFCqYAAAAA==[0m[ERROR] Please refer to dump files (if any exist) [date].dump, [date]-jvmRun[N].dump and [date].dumpstream.
[8mha:////4CgK6TUHMrSW1t96nukUd2ZYEPeBeQrBANlCTnhyKkUYAAAAYB+LCAAAAAAAAP9b85aBtbiIQSmjNKU4P0+vJLE4u1gvPjexLDVPzxdEuhYV5Rf55ZekOlc7RKnPKH7IxMBQUcQgBdWQnJ9XnJ+TqucMoUEKGSCAEaSwAACsNFCqYAAAAA==[0m[ERROR] -> [Help 1]
[8mha:////4CgK6TUHMrSW1t96nukUd2ZYEPeBeQrBANlCTnhyKkUYAAAAYB+LCAAAAAAAAP9b85aBtbiIQSmjNKU4P0+vJLE4u1gvPjexLDVPzxdEuhYV5Rf55ZekOlc7RKnPKH7IxMBQUcQgBdWQnJ9XnJ+TqucMoUEKGSCAEaSwAACsNFCqYAAAAA==[0m[ERROR] 
[8mha:////4CgK6TUHMrSW1t96nukUd2ZYEPeBeQrBANlCTnhyKkUYAAAAYB+LCAAAAAAAAP9b85aBtbiIQSmjNKU4P0+vJLE4u1gvPjexLDVPzxdEuhYV5Rf55ZekOlc7RKnPKH7IxMBQUcQgBdWQnJ9XnJ+TqucMoUEKGSCAEaSwAACsNFCqYAAAAA==[0m[ERROR] To see the full stack trace of the errors, re-run Maven with the -e switch.
[8mha:////4CgK6TUHMrSW1t96nukUd2ZYEPeBeQrBANlCTnhyKkUYAAAAYB+LCAAAAAAAAP9b85aBtbiIQSmjNKU4P0+vJLE4u1gvPjexLDVPzxdEuhYV5Rf55ZekOlc7RKnPKH7IxMBQUcQgBdWQnJ9XnJ+TqucMoUEKGSCAEaSwAACsNFCqYAAAAA==[0m[ERROR] Re-run Maven using the -X switch to enable full debug logging.
[8mha:////4CgK6TUHMrSW1t96nukUd2ZYEPeBeQrBANlCTnhyKkUYAAAAYB+LCAAAAAAAAP9b85aBtbiIQSmjNKU4P0+vJLE4u1gvPjexLDVPzxdEuhYV5Rf55ZekOlc7RKnPKH7IxMBQUcQgBdWQnJ9XnJ+TqucMoUEKGSCAEaSwAACsNFCqYAAAAA==[0m[ERROR] 
[8mha:////4CgK6TUHMrSW1t96nukUd2ZYEPeBeQrBANlCTnhyKkUYAAAAYB+LCAAAAAAAAP9b85aBtbiIQSmjNKU4P0+vJLE4u1gvPjexLDVPzxdEuhYV5Rf55ZekOlc7RKnPKH7IxMBQUcQgBdWQnJ9XnJ+TqucMoUEKGSCAEaSwAACsNFCqYAAAAA==[0m[ERROR] For more information about the errors and possible solutions, please read the following articles:
[8mha:////4CgK6TUHMrSW1t96nukUd2ZYEPeBeQrBANlCTnhyKkUYAAAAYB+LCAAAAAAAAP9b85aBtbiIQSmjNKU4P0+vJLE4u1gvPjexLDVPzxdEuhYV5Rf55ZekOlc7RKnPKH7IxMBQUcQgBdWQnJ9XnJ+TqucMoUEKGSCAEaSwAACsNFCqYAAAAA==[0m[ERROR] [Help 1] http://cwiki.apache.org/confluence/display/MAVEN/MojoFailureException
Build step 'Invoke top-level Maven targets' marked build as failure
Finished: FAILURE
