Started by user [8mha:////4Lw4RGUxINnL3vH97CatWGF4dJLLFn2VBZ2Dwuufx35BAAAAlx+LCAAAAAAAAP9b85aBtbiIQTGjNKU4P08vOT+vOD8nVc83PyU1x6OyILUoJzMv2y+/JJUBAhiZGBgqihhk0NSjKDWzXb3RdlLBUSYGJk8GtpzUvPSSDB8G5tKinBIGIZ+sxLJE/ZzEvHT94JKizLx0a6BxUmjGOUNodHsLgAzWEgZu/dLi1CL9gsS8lEQACjKVYMAAAAA=[0mpanda
Running as SYSTEM
Building on master in workspace /var/jenkins_home/workspace/Szymon2
The recommended git tool is: NONE
using credential GitHubToken
 > git rev-parse --is-inside-work-tree # timeout=10
Fetching changes from the remote Git repository
 > git config remote.origin.url https://github.com/paweltatarczak/szymon.git # timeout=10
Fetching upstream changes from https://github.com/paweltatarczak/szymon.git
 > git --version # timeout=10
 > git --version # 'git version 2.20.1'
using GIT_ASKPASS to set credentials Git Hub Token (Repo / Packages/ RepoHook)
 > git fetch --tags --force --progress -- https://github.com/paweltatarczak/szymon.git +refs/heads/*:refs/remotes/origin/* # timeout=10
 > git rev-parse refs/remotes/origin/master^{commit} # timeout=10
Checking out Revision 57672bf6adceea48b86562e4a9f97fe1dd031289 (refs/remotes/origin/master)
 > git config core.sparsecheckout # timeout=10
 > git checkout -f 57672bf6adceea48b86562e4a9f97fe1dd031289 # timeout=10
Commit message: "changing server"
 > git rev-list --no-walk 5e578e28b291e0f0a95f1e9df0ba7de3edcd709c # timeout=10
[Szymon2] $ /var/jenkins_home/tools/hudson.tasks.Maven_MavenInstallation/maven3/bin/mvn install
[INFO] Scanning for projects...
[INFO] 
[INFO] --------------------------< pl.pandait:panda >--------------------------
[INFO] Building panda 0.0.1
[INFO] --------------------------------[ jar ]---------------------------------
[INFO] 
[8mha:////4KD+Mp3xCHh0uEQTKLD9AxTWaLk0VVU9tHyScmjYUQGqAAAAYB+LCAAAAAAAAP9b85aBtbiIQSmjNKU4P0+vJLE4u1gvPjexLDVPzxdEGvvmZ+X75ZekLlOVfvTjc8FPJgaGiiIGKaiG5Py84vycVD1nCA1SyAABjCCFBQCV27OjYAAAAA==[0m[INFO] --- maven-resources-plugin:3.1.0:resources (default-resources) @ panda ---
[INFO] Using 'UTF-8' encoding to copy filtered resources.
[INFO] Copying 1 resource
[INFO] Copying 2 resources
[INFO] 
[8mha:////4KD+Mp3xCHh0uEQTKLD9AxTWaLk0VVU9tHyScmjYUQGqAAAAYB+LCAAAAAAAAP9b85aBtbiIQSmjNKU4P0+vJLE4u1gvPjexLDVPzxdEGvvmZ+X75ZekLlOVfvTjc8FPJgaGiiIGKaiG5Py84vycVD1nCA1SyAABjCCFBQCV27OjYAAAAA==[0m[INFO] --- maven-compiler-plugin:3.8.1:compile (default-compile) @ panda ---
[INFO] Nothing to compile - all classes are up to date
[INFO] 
[8mha:////4KD+Mp3xCHh0uEQTKLD9AxTWaLk0VVU9tHyScmjYUQGqAAAAYB+LCAAAAAAAAP9b85aBtbiIQSmjNKU4P0+vJLE4u1gvPjexLDVPzxdEGvvmZ+X75ZekLlOVfvTjc8FPJgaGiiIGKaiG5Py84vycVD1nCA1SyAABjCCFBQCV27OjYAAAAA==[0m[INFO] --- maven-compiler-plugin:3.8.1:compile (default) @ panda ---
[INFO] Nothing to compile - all classes are up to date
[INFO] 
[8mha:////4KD+Mp3xCHh0uEQTKLD9AxTWaLk0VVU9tHyScmjYUQGqAAAAYB+LCAAAAAAAAP9b85aBtbiIQSmjNKU4P0+vJLE4u1gvPjexLDVPzxdEGvvmZ+X75ZekLlOVfvTjc8FPJgaGiiIGKaiG5Py84vycVD1nCA1SyAABjCCFBQCV27OjYAAAAA==[0m[INFO] --- maven-resources-plugin:3.1.0:testResources (default-testResources) @ panda ---
[INFO] Using 'UTF-8' encoding to copy filtered resources.
[INFO] skip non existing resourceDirectory /var/jenkins_home/workspace/Szymon2/src/test/resources
[INFO] 
[8mha:////4KD+Mp3xCHh0uEQTKLD9AxTWaLk0VVU9tHyScmjYUQGqAAAAYB+LCAAAAAAAAP9b85aBtbiIQSmjNKU4P0+vJLE4u1gvPjexLDVPzxdEGvvmZ+X75ZekLlOVfvTjc8FPJgaGiiIGKaiG5Py84vycVD1nCA1SyAABjCCFBQCV27OjYAAAAA==[0m[INFO] --- maven-compiler-plugin:3.8.1:testCompile (default-testCompile) @ panda ---
[INFO] Changes detected - recompiling the module!
[INFO] Compiling 3 source files to /var/jenkins_home/workspace/Szymon2/target/test-classes
[INFO] 
[8mha:////4KD+Mp3xCHh0uEQTKLD9AxTWaLk0VVU9tHyScmjYUQGqAAAAYB+LCAAAAAAAAP9b85aBtbiIQSmjNKU4P0+vJLE4u1gvPjexLDVPzxdEGvvmZ+X75ZekLlOVfvTjc8FPJgaGiiIGKaiG5Py84vycVD1nCA1SyAABjCCFBQCV27OjYAAAAA==[0m[INFO] --- maven-surefire-plugin:2.22.2:test (default-test) @ panda ---
[INFO] 
[INFO] -------------------------------------------------------
[INFO]  T E S T S
[INFO] -------------------------------------------------------
[INFO] Running pl.pandait.panda.PandaApplicationSeleniumTest
19:07:33.190 [main] DEBUG org.springframework.test.context.BootstrapUtils - Instantiating CacheAwareContextLoaderDelegate from class [org.springframework.test.context.cache.DefaultCacheAwareContextLoaderDelegate]
19:07:33.206 [main] DEBUG org.springframework.test.context.BootstrapUtils - Instantiating BootstrapContext using constructor [public org.springframework.test.context.support.DefaultBootstrapContext(java.lang.Class,org.springframework.test.context.CacheAwareContextLoaderDelegate)]
19:07:33.249 [main] DEBUG org.springframework.test.context.BootstrapUtils - Instantiating TestContextBootstrapper for test class [pl.pandait.panda.PandaApplicationSeleniumTest] from class [org.springframework.boot.test.context.SpringBootTestContextBootstrapper]
19:07:33.272 [main] INFO org.springframework.boot.test.context.SpringBootTestContextBootstrapper - Neither @ContextConfiguration nor @ContextHierarchy found for test class [pl.pandait.panda.PandaApplicationSeleniumTest], using SpringBootContextLoader
19:07:33.280 [main] DEBUG org.springframework.test.context.support.AbstractContextLoader - Did not detect default resource location for test class [pl.pandait.panda.PandaApplicationSeleniumTest]: class path resource [pl/pandait/panda/PandaApplicationSeleniumTest-context.xml] does not exist
19:07:33.282 [main] DEBUG org.springframework.test.context.support.AbstractContextLoader - Did not detect default resource location for test class [pl.pandait.panda.PandaApplicationSeleniumTest]: class path resource [pl/pandait/panda/PandaApplicationSeleniumTestContext.groovy] does not exist
19:07:33.283 [main] INFO org.springframework.test.context.support.AbstractContextLoader - Could not detect default resource locations for test class [pl.pandait.panda.PandaApplicationSeleniumTest]: no resource found for suffixes {-context.xml, Context.groovy}.
19:07:33.326 [main] DEBUG org.springframework.test.context.support.ActiveProfilesUtils - Could not find an 'annotation declaring class' for annotation type [org.springframework.test.context.ActiveProfiles] and class [pl.pandait.panda.PandaApplicationSeleniumTest]
19:07:33.495 [main] DEBUG org.springframework.boot.test.context.SpringBootTestContextBootstrapper - @TestExecutionListeners is not present for class [pl.pandait.panda.PandaApplicationSeleniumTest]: using defaults.
19:07:33.499 [main] INFO org.springframework.boot.test.context.SpringBootTestContextBootstrapper - Loaded default TestExecutionListener class names from location [META-INF/spring.factories]: [org.springframework.boot.test.mock.mockito.MockitoTestExecutionListener, org.springframework.boot.test.mock.mockito.ResetMocksTestExecutionListener, org.springframework.boot.test.autoconfigure.restdocs.RestDocsTestExecutionListener, org.springframework.boot.test.autoconfigure.web.client.MockRestServiceServerResetTestExecutionListener, org.springframework.boot.test.autoconfigure.web.servlet.MockMvcPrintOnlyOnFailureTestExecutionListener, org.springframework.boot.test.autoconfigure.web.servlet.WebDriverTestExecutionListener, org.springframework.test.context.web.ServletTestExecutionListener, org.springframework.test.context.support.DirtiesContextBeforeModesTestExecutionListener, org.springframework.test.context.support.DependencyInjectionTestExecutionListener, org.springframework.test.context.support.DirtiesContextTestExecutionListener, org.springframework.test.context.transaction.TransactionalTestExecutionListener, org.springframework.test.context.jdbc.SqlScriptsTestExecutionListener, org.springframework.test.context.event.EventPublishingTestExecutionListener]
19:07:33.522 [main] DEBUG org.springframework.boot.test.context.SpringBootTestContextBootstrapper - Skipping candidate TestExecutionListener [org.springframework.test.context.transaction.TransactionalTestExecutionListener] due to a missing dependency. Specify custom listener classes or make the default listener classes and their required dependencies available. Offending class: [org/springframework/transaction/TransactionDefinition]
19:07:33.524 [main] DEBUG org.springframework.boot.test.context.SpringBootTestContextBootstrapper - Skipping candidate TestExecutionListener [org.springframework.test.context.jdbc.SqlScriptsTestExecutionListener] due to a missing dependency. Specify custom listener classes or make the default listener classes and their required dependencies available. Offending class: [org/springframework/transaction/interceptor/TransactionAttribute]
19:07:33.525 [main] INFO org.springframework.boot.test.context.SpringBootTestContextBootstrapper - Using TestExecutionListeners: [org.springframework.test.context.web.ServletTestExecutionListener@495fac5f, org.springframework.test.context.support.DirtiesContextBeforeModesTestExecutionListener@76012793, org.springframework.boot.test.mock.mockito.MockitoTestExecutionListener@635572a7, org.springframework.boot.test.autoconfigure.SpringBootDependencyInjectionTestExecutionListener@79d94571, org.springframework.test.context.support.DirtiesContextTestExecutionListener@4dd02341, org.springframework.test.context.event.EventPublishingTestExecutionListener@3212a8d7, org.springframework.boot.test.mock.mockito.ResetMocksTestExecutionListener@7a1a3478, org.springframework.boot.test.autoconfigure.restdocs.RestDocsTestExecutionListener@495b0487, org.springframework.boot.test.autoconfigure.web.client.MockRestServiceServerResetTestExecutionListener@55dfcc6, org.springframework.boot.test.autoconfigure.web.servlet.MockMvcPrintOnlyOnFailureTestExecutionListener@222eb8aa, org.springframework.boot.test.autoconfigure.web.servlet.WebDriverTestExecutionListener@93cf163]
19:07:33.532 [main] DEBUG org.springframework.test.context.support.AbstractDirtiesContextTestExecutionListener - Before test class: context [DefaultTestContext@5023bb8b testClass = PandaApplicationSeleniumTest, testInstance = [null], testMethod = [null], testException = [null], mergedContextConfiguration = [WebMergedContextConfiguration@5d5f10b2 testClass = PandaApplicationSeleniumTest, locations = '{}', classes = '{class pl.pandait.panda.PandaApplication, class pl.pandait.panda.PandaApplication}', contextInitializerClasses = '[]', activeProfiles = '{}', propertySourceLocations = '{}', propertySourceProperties = '{org.springframework.boot.test.context.SpringBootTestContextBootstrapper=true}', contextCustomizers = set[org.springframework.boot.test.context.filter.ExcludeFilterContextCustomizer@1ebea008, org.springframework.boot.test.json.DuplicateJsonObjectContextCustomizerFactory$DuplicateJsonObjectContextCustomizer@7de62196, org.springframework.boot.test.mock.mockito.MockitoContextCustomizer@0, org.springframework.boot.test.web.client.TestRestTemplateContextCustomizer@2f666ebb, org.springframework.boot.test.autoconfigure.properties.PropertyMappingContextCustomizer@0, org.springframework.boot.test.autoconfigure.web.servlet.WebDriverContextCustomizerFactory$Customizer@39b43d60], resourceBasePath = 'src/main/webapp', contextLoader = 'org.springframework.boot.test.context.SpringBootContextLoader', parent = [null]], attributes = map['org.springframework.test.context.web.ServletTestExecutionListener.activateListener' -> false]], class annotated with @DirtiesContext [false] with mode [null].
19:07:33.561 [main] DEBUG org.springframework.test.context.support.DependencyInjectionTestExecutionListener - Performing dependency injection for test context [[DefaultTestContext@5023bb8b testClass = PandaApplicationSeleniumTest, testInstance = pl.pandait.panda.PandaApplicationSeleniumTest@59d2400d, testMethod = [null], testException = [null], mergedContextConfiguration = [WebMergedContextConfiguration@5d5f10b2 testClass = PandaApplicationSeleniumTest, locations = '{}', classes = '{class pl.pandait.panda.PandaApplication, class pl.pandait.panda.PandaApplication}', contextInitializerClasses = '[]', activeProfiles = '{}', propertySourceLocations = '{}', propertySourceProperties = '{org.springframework.boot.test.context.SpringBootTestContextBootstrapper=true}', contextCustomizers = set[org.springframework.boot.test.context.filter.ExcludeFilterContextCustomizer@1ebea008, org.springframework.boot.test.json.DuplicateJsonObjectContextCustomizerFactory$DuplicateJsonObjectContextCustomizer@7de62196, org.springframework.boot.test.mock.mockito.MockitoContextCustomizer@0, org.springframework.boot.test.web.client.TestRestTemplateContextCustomizer@2f666ebb, org.springframework.boot.test.autoconfigure.properties.PropertyMappingContextCustomizer@0, org.springframework.boot.test.autoconfigure.web.servlet.WebDriverContextCustomizerFactory$Customizer@39b43d60], resourceBasePath = 'src/main/webapp', contextLoader = 'org.springframework.boot.test.context.SpringBootContextLoader', parent = [null]], attributes = map['org.springframework.test.context.web.ServletTestExecutionListener.activateListener' -> false]]].
19:07:33.597 [main] DEBUG org.springframework.test.context.support.TestPropertySourceUtils - Adding inlined properties to environment: {spring.jmx.enabled=false, org.springframework.boot.test.context.SpringBootTestContextBootstrapper=true}

  .   ____          _            __ _ _
 /\\ / ___'_ __ _ _(_)_ __  __ _ \ \ \ \
( ( )\___ | '_ | '_| | '_ \/ _` | \ \ \ \
 \\/  ___)| |_)| | | | | || (_| |  ) ) ) )
  '  |____| .__|_| |_|_| |_\__, | / / / /
 =========|_|==============|___/=/_/_/_/
 :: Spring Boot ::        (v2.2.4.RELEASE)

2021-03-02 19:07:34.006  INFO 593 --- [           main] p.p.panda.PandaApplicationSeleniumTest   : Starting PandaApplicationSeleniumTest on 8242c808d107 with PID 593 (started by jenkins in /var/jenkins_home/workspace/Szymon2)
2021-03-02 19:07:34.008  INFO 593 --- [           main] p.p.panda.PandaApplicationSeleniumTest   : No active profile set, falling back to default profiles: default
2021-03-02 19:07:35.616  INFO 593 --- [           main] o.s.b.w.embedded.tomcat.TomcatWebServer  : Tomcat initialized with port(s): 8080 (http)
2021-03-02 19:07:35.635  INFO 593 --- [           main] o.apache.catalina.core.StandardService   : Starting service [Tomcat]
2021-03-02 19:07:35.636  INFO 593 --- [           main] org.apache.catalina.core.StandardEngine  : Starting Servlet engine: [Apache Tomcat/9.0.30]
2021-03-02 19:07:35.743  INFO 593 --- [           main] o.a.c.c.C.[Tomcat].[localhost].[/]       : Initializing Spring embedded WebApplicationContext
2021-03-02 19:07:35.743  INFO 593 --- [           main] o.s.web.context.ContextLoader            : Root WebApplicationContext: initialization completed in 1706 ms
2021-03-02 19:07:36.111  INFO 593 --- [           main] o.s.s.concurrent.ThreadPoolTaskExecutor  : Initializing ExecutorService 'applicationTaskExecutor'
2021-03-02 19:07:36.230  INFO 593 --- [           main] o.s.b.a.w.s.WelcomePageHandlerMapping    : Adding welcome page: class path resource [static/index.html]
2021-03-02 19:07:36.870  INFO 593 --- [           main] o.s.b.w.embedded.tomcat.TomcatWebServer  : Tomcat started on port(s): 8080 (http) with context path ''
2021-03-02 19:07:36.876  INFO 593 --- [           main] p.p.panda.PandaApplicationSeleniumTest   : Started PandaApplicationSeleniumTest in 3.274 seconds (JVM running for 5.119)
2021-03-02 19:07:37.235  INFO 593 --- [           main] org.openqa.selenium.Capabilities         : Using `new FirefoxOptions()` is preferred to `DesiredCapabilities.firefox()`
2021-03-02 19:07:40.376  INFO 593 --- [ null to remote] o.o.selenium.remote.ProtocolHandshake    : Detected dialect: W3C
2021-03-02 19:07:41.196  INFO 593 --- [           main] org.openqa.selenium.Capabilities         : Using `new FirefoxOptions()` is preferred to `DesiredCapabilities.firefox()`
2021-03-02 19:07:44.446  INFO 593 --- [ null to remote] o.o.selenium.remote.ProtocolHandshake    : Detected dialect: W3C
[8mha:////4CgK6TUHMrSW1t96nukUd2ZYEPeBeQrBANlCTnhyKkUYAAAAYB+LCAAAAAAAAP9b85aBtbiIQSmjNKU4P0+vJLE4u1gvPjexLDVPzxdEuhYV5Rf55ZekOlc7RKnPKH7IxMBQUcQgBdWQnJ9XnJ+TqucMoUEKGSCAEaSwAACsNFCqYAAAAA==[0m[ERROR] Tests run: 2, Failures: 0, Errors: 2, Skipped: 0, Time elapsed: 12.141 s <<< FAILURE! - in pl.pandait.panda.PandaApplicationSeleniumTest
[8mha:////4CgK6TUHMrSW1t96nukUd2ZYEPeBeQrBANlCTnhyKkUYAAAAYB+LCAAAAAAAAP9b85aBtbiIQSmjNKU4P0+vJLE4u1gvPjexLDVPzxdEuhYV5Rf55ZekOlc7RKnPKH7IxMBQUcQgBdWQnJ9XnJ+TqucMoUEKGSCAEaSwAACsNFCqYAAAAA==[0m[ERROR] greetings_shouldOpenMainPageThenReturnWelcomeText  Time elapsed: 4.306 s  <<< ERROR!
org.openqa.selenium.WebDriverException: 
Reached error page: about:neterror?e=connectionFailure&u=http%3A//seleniumhub%3A8080/&c=UTF-8&d=Firefox%20can%E2%80%99t%20establish%20a%20connection%20to%20the%20server%20at%20seleniumhub%3A8080.
Build info: version: '3.141.59', revision: 'e82be7d358', time: '2018-11-14T08:17:03'
System info: host: '8242c808d107', ip: '172.18.0.2', os.name: 'Linux', os.arch: 'amd64', os.version: '4.15.0-128-generic', java.version: '11.0.10'
Driver info: org.openqa.selenium.remote.RemoteWebDriver
Capabilities {acceptInsecureCerts: true, browserName: firefox, browserVersion: 85.0, javascriptEnabled: true, moz:accessibilityChecks: false, moz:buildID: 20210118153634, moz:geckodriverVersion: 0.29.0, moz:headless: false, moz:processID: 1731, moz:profile: /tmp/rust_mozprofileK0tT6H, moz:shutdownTimeout: 60000, moz:useNonSpecCompliantPointerOrigin: false, moz:webdriverClick: true, pageLoadStrategy: normal, platform: LINUX, platformName: LINUX, platformVersion: 4.15.0-128-generic, rotatable: false, setWindowRect: true, strictFileInteractability: false, timeouts: {implicit: 0, pageLoad: 300000, script: 30000}, unhandledPromptBehavior: dismiss and notify, webdriver.remote.sessionid: 5c425f3d-ef0c-4ae7-b94d-64b...}
Session ID: 5c425f3d-ef0c-4ae7-b94d-64bf5cbdac43
	at pl.pandait.panda.PandaApplicationSeleniumTest.startup(PandaApplicationSeleniumTest.java:38)

[8mha:////4CgK6TUHMrSW1t96nukUd2ZYEPeBeQrBANlCTnhyKkUYAAAAYB+LCAAAAAAAAP9b85aBtbiIQSmjNKU4P0+vJLE4u1gvPjexLDVPzxdEuhYV5Rf55ZekOlc7RKnPKH7IxMBQUcQgBdWQnJ9XnJ+TqucMoUEKGSCAEaSwAACsNFCqYAAAAA==[0m[ERROR] greetings_shouldOpenSubpageThenReturnGreetingsText  Time elapsed: 3.94 s  <<< ERROR!
org.openqa.selenium.WebDriverException: 
Reached error page: about:neterror?e=connectionFailure&u=http%3A//seleniumhub%3A8080/&c=UTF-8&d=Firefox%20can%E2%80%99t%20establish%20a%20connection%20to%20the%20server%20at%20seleniumhub%3A8080.
Build info: version: '3.141.59', revision: 'e82be7d358', time: '2018-11-14T08:17:03'
System info: host: '8242c808d107', ip: '172.18.0.2', os.name: 'Linux', os.arch: 'amd64', os.version: '4.15.0-128-generic', java.version: '11.0.10'
Driver info: org.openqa.selenium.remote.RemoteWebDriver
Capabilities {acceptInsecureCerts: true, browserName: firefox, browserVersion: 85.0, javascriptEnabled: true, moz:accessibilityChecks: false, moz:buildID: 20210118153634, moz:geckodriverVersion: 0.29.0, moz:headless: false, moz:processID: 1926, moz:profile: /tmp/rust_mozprofilecZzt1X, moz:shutdownTimeout: 60000, moz:useNonSpecCompliantPointerOrigin: false, moz:webdriverClick: true, pageLoadStrategy: normal, platform: LINUX, platformName: LINUX, platformVersion: 4.15.0-128-generic, rotatable: false, setWindowRect: true, strictFileInteractability: false, timeouts: {implicit: 0, pageLoad: 300000, script: 30000}, unhandledPromptBehavior: dismiss and notify, webdriver.remote.sessionid: 7d4ad4dc-3016-4ca8-a765-c09...}
Session ID: 7d4ad4dc-3016-4ca8-a765-c09ac42be51a
	at pl.pandait.panda.PandaApplicationSeleniumTest.startup(PandaApplicationSeleniumTest.java:38)

[INFO] Running pl.pandait.panda.PandaApplicationTest
2021-03-02 19:07:45.142  INFO 593 --- [           main] .b.t.c.SpringBootTestContextBootstrapper : Neither @ContextConfiguration nor @ContextHierarchy found for test class [pl.pandait.panda.PandaApplicationTest], using SpringBootContextLoader
2021-03-02 19:07:45.146  INFO 593 --- [           main] o.s.t.c.support.AbstractContextLoader    : Could not detect default resource locations for test class [pl.pandait.panda.PandaApplicationTest]: no resource found for suffixes {-context.xml, Context.groovy}.
2021-03-02 19:07:45.147  INFO 593 --- [           main] t.c.s.AnnotationConfigContextLoaderUtils : Could not detect default configuration classes for test class [pl.pandait.panda.PandaApplicationTest]: PandaApplicationTest does not declare any static, non-private, non-final, nested classes annotated with @Configuration.
2021-03-02 19:07:45.174  INFO 593 --- [           main] .b.t.c.SpringBootTestContextBootstrapper : Found @SpringBootConfiguration pl.pandait.panda.PandaApplication for test class pl.pandait.panda.PandaApplicationTest
2021-03-02 19:07:45.179  INFO 593 --- [           main] .b.t.c.SpringBootTestContextBootstrapper : Loaded default TestExecutionListener class names from location [META-INF/spring.factories]: [org.springframework.boot.test.mock.mockito.MockitoTestExecutionListener, org.springframework.boot.test.mock.mockito.ResetMocksTestExecutionListener, org.springframework.boot.test.autoconfigure.restdocs.RestDocsTestExecutionListener, org.springframework.boot.test.autoconfigure.web.client.MockRestServiceServerResetTestExecutionListener, org.springframework.boot.test.autoconfigure.web.servlet.MockMvcPrintOnlyOnFailureTestExecutionListener, org.springframework.boot.test.autoconfigure.web.servlet.WebDriverTestExecutionListener, org.springframework.test.context.web.ServletTestExecutionListener, org.springframework.test.context.support.DirtiesContextBeforeModesTestExecutionListener, org.springframework.test.context.support.DependencyInjectionTestExecutionListener, org.springframework.test.context.support.DirtiesContextTestExecutionListener, org.springframework.test.context.transaction.TransactionalTestExecutionListener, org.springframework.test.context.jdbc.SqlScriptsTestExecutionListener, org.springframework.test.context.event.EventPublishingTestExecutionListener]
2021-03-02 19:07:45.184  INFO 593 --- [           main] .b.t.c.SpringBootTestContextBootstrapper : Using TestExecutionListeners: [org.springframework.test.context.web.ServletTestExecutionListener@70cf7d1e, org.springframework.test.context.support.DirtiesContextBeforeModesTestExecutionListener@72f3f14c, org.springframework.boot.test.mock.mockito.MockitoTestExecutionListener@4cb4c4cc, org.springframework.boot.test.autoconfigure.SpringBootDependencyInjectionTestExecutionListener@4a122e68, org.springframework.test.context.support.DirtiesContextTestExecutionListener@41be8db9, org.springframework.test.context.event.EventPublishingTestExecutionListener@2c2a7d53, org.springframework.boot.test.mock.mockito.ResetMocksTestExecutionListener@46524ebe, org.springframework.boot.test.autoconfigure.restdocs.RestDocsTestExecutionListener@1de85972, org.springframework.boot.test.autoconfigure.web.client.MockRestServiceServerResetTestExecutionListener@280ecc33, org.springframework.boot.test.autoconfigure.web.servlet.MockMvcPrintOnlyOnFailureTestExecutionListener@57b1ec84, org.springframework.boot.test.autoconfigure.web.servlet.WebDriverTestExecutionListener@3c27f72]

  .   ____          _            __ _ _
 /\\ / ___'_ __ _ _(_)_ __  __ _ \ \ \ \
( ( )\___ | '_ | '_| | '_ \/ _` | \ \ \ \
 \\/  ___)| |_)| | | | | || (_| |  ) ) ) )
  '  |____| .__|_| |_|_| |_\__, | / / / /
 =========|_|==============|___/=/_/_/_/
 :: Spring Boot ::        (v2.2.4.RELEASE)

2021-03-02 19:07:45.251  INFO 593 --- [           main] pl.pandait.panda.PandaApplicationTest    : Starting PandaApplicationTest on 8242c808d107 with PID 593 (started by jenkins in /var/jenkins_home/workspace/Szymon2)
2021-03-02 19:07:45.252  INFO 593 --- [           main] pl.pandait.panda.PandaApplicationTest    : No active profile set, falling back to default profiles: default
2021-03-02 19:07:45.629  INFO 593 --- [           main] o.s.s.concurrent.ThreadPoolTaskExecutor  : Initializing ExecutorService 'applicationTaskExecutor'
2021-03-02 19:07:45.655  INFO 593 --- [           main] o.s.b.a.w.s.WelcomePageHandlerMapping    : Adding welcome page: class path resource [static/index.html]
2021-03-02 19:07:45.781  INFO 593 --- [           main] pl.pandait.panda.PandaApplicationTest    : Started PandaApplicationTest in 0.582 seconds (JVM running for 14.024)
[INFO] Tests run: 1, Failures: 0, Errors: 0, Skipped: 0, Time elapsed: 0.584 s - in pl.pandait.panda.PandaApplicationTest
[INFO] Running pl.pandait.panda.HelloControllerTest
2021-03-02 19:07:45.815  INFO 593 --- [           main] .b.t.c.SpringBootTestContextBootstrapper : Neither @ContextConfiguration nor @ContextHierarchy found for test class [pl.pandait.panda.HelloControllerTest], using SpringBootContextLoader
2021-03-02 19:07:45.817  INFO 593 --- [           main] o.s.t.c.support.AbstractContextLoader    : Could not detect default resource locations for test class [pl.pandait.panda.HelloControllerTest]: no resource found for suffixes {-context.xml, Context.groovy}.
2021-03-02 19:07:45.818  INFO 593 --- [           main] t.c.s.AnnotationConfigContextLoaderUtils : Could not detect default configuration classes for test class [pl.pandait.panda.HelloControllerTest]: HelloControllerTest does not declare any static, non-private, non-final, nested classes annotated with @Configuration.
2021-03-02 19:07:45.820  INFO 593 --- [           main] .b.t.c.SpringBootTestContextBootstrapper : Found @SpringBootConfiguration pl.pandait.panda.PandaApplication for test class pl.pandait.panda.HelloControllerTest
2021-03-02 19:07:45.822  INFO 593 --- [           main] .b.t.c.SpringBootTestContextBootstrapper : Loaded default TestExecutionListener class names from location [META-INF/spring.factories]: [org.springframework.boot.test.mock.mockito.MockitoTestExecutionListener, org.springframework.boot.test.mock.mockito.ResetMocksTestExecutionListener, org.springframework.boot.test.autoconfigure.restdocs.RestDocsTestExecutionListener, org.springframework.boot.test.autoconfigure.web.client.MockRestServiceServerResetTestExecutionListener, org.springframework.boot.test.autoconfigure.web.servlet.MockMvcPrintOnlyOnFailureTestExecutionListener, org.springframework.boot.test.autoconfigure.web.servlet.WebDriverTestExecutionListener, org.springframework.test.context.web.ServletTestExecutionListener, org.springframework.test.context.support.DirtiesContextBeforeModesTestExecutionListener, org.springframework.test.context.support.DependencyInjectionTestExecutionListener, org.springframework.test.context.support.DirtiesContextTestExecutionListener, org.springframework.test.context.transaction.TransactionalTestExecutionListener, org.springframework.test.context.jdbc.SqlScriptsTestExecutionListener, org.springframework.test.context.event.EventPublishingTestExecutionListener]
2021-03-02 19:07:45.826  INFO 593 --- [           main] .b.t.c.SpringBootTestContextBootstrapper : Using TestExecutionListeners: [org.springframework.test.context.web.ServletTestExecutionListener@2ee456c7, org.springframework.test.context.support.DirtiesContextBeforeModesTestExecutionListener@6df37f7a, org.springframework.boot.test.mock.mockito.MockitoTestExecutionListener@39514976, org.springframework.boot.test.autoconfigure.SpringBootDependencyInjectionTestExecutionListener@7bdb4f17, org.springframework.test.context.support.DirtiesContextTestExecutionListener@77856cc5, org.springframework.test.context.event.EventPublishingTestExecutionListener@1fbd5e0, org.springframework.boot.test.mock.mockito.ResetMocksTestExecutionListener@32d22650, org.springframework.boot.test.autoconfigure.restdocs.RestDocsTestExecutionListener@135064ea, org.springframework.boot.test.autoconfigure.web.client.MockRestServiceServerResetTestExecutionListener@4f6fd101, org.springframework.boot.test.autoconfigure.web.servlet.MockMvcPrintOnlyOnFailureTestExecutionListener@106459d9, org.springframework.boot.test.autoconfigure.web.servlet.WebDriverTestExecutionListener@33a71d23]

  .   ____          _            __ _ _
 /\\ / ___'_ __ _ _(_)_ __  __ _ \ \ \ \
( ( )\___ | '_ | '_| | '_ \/ _` | \ \ \ \
 \\/  ___)| |_)| | | | | || (_| |  ) ) ) )
  '  |____| .__|_| |_|_| |_\__, | / / / /
 =========|_|==============|___/=/_/_/_/
 :: Spring Boot ::        (v2.2.4.RELEASE)

2021-03-02 19:07:45.850  INFO 593 --- [           main] pl.pandait.panda.HelloControllerTest     : Starting HelloControllerTest on 8242c808d107 with PID 593 (started by jenkins in /var/jenkins_home/workspace/Szymon2)
2021-03-02 19:07:45.851  INFO 593 --- [           main] pl.pandait.panda.HelloControllerTest     : No active profile set, falling back to default profiles: default
2021-03-02 19:07:46.094  INFO 593 --- [           main] o.s.b.w.embedded.tomcat.TomcatWebServer  : Tomcat initialized with port(s): 0 (http)
2021-03-02 19:07:46.095  INFO 593 --- [           main] o.apache.catalina.core.StandardService   : Starting service [Tomcat]
2021-03-02 19:07:46.096  INFO 593 --- [           main] org.apache.catalina.core.StandardEngine  : Starting Servlet engine: [Apache Tomcat/9.0.30]
2021-03-02 19:07:46.115  INFO 593 --- [           main] o.a.c.c.C.[Tomcat-1].[localhost].[/]     : Initializing Spring embedded WebApplicationContext
2021-03-02 19:07:46.115  INFO 593 --- [           main] o.s.web.context.ContextLoader            : Root WebApplicationContext: initialization completed in 253 ms
2021-03-02 19:07:46.305  INFO 593 --- [           main] o.s.s.concurrent.ThreadPoolTaskExecutor  : Initializing ExecutorService 'applicationTaskExecutor'
2021-03-02 19:07:46.337  INFO 593 --- [           main] o.s.b.a.w.s.WelcomePageHandlerMapping    : Adding welcome page: class path resource [static/index.html]
2021-03-02 19:07:46.496  INFO 593 --- [           main] o.s.b.w.embedded.tomcat.TomcatWebServer  : Tomcat started on port(s): 39181 (http) with context path ''
2021-03-02 19:07:46.497  INFO 593 --- [           main] pl.pandait.panda.HelloControllerTest     : Started HelloControllerTest in 0.666 seconds (JVM running for 14.74)
2021-03-02 19:07:46.538  INFO 593 --- [           main] o.s.mock.web.MockServletContext          : Initializing Spring TestDispatcherServlet ''
2021-03-02 19:07:46.538  INFO 593 --- [           main] o.s.t.web.servlet.TestDispatcherServlet  : Initializing Servlet ''
2021-03-02 19:07:46.539  INFO 593 --- [           main] o.s.t.web.servlet.TestDispatcherServlet  : Completed initialization in 0 ms
[INFO] Tests run: 1, Failures: 0, Errors: 0, Skipped: 0, Time elapsed: 0.801 s - in pl.pandait.panda.HelloControllerTest
2021-03-02 19:07:46.640  INFO 593 --- [extShutdownHook] o.s.s.concurrent.ThreadPoolTaskExecutor  : Shutting down ExecutorService 'applicationTaskExecutor'
2021-03-02 19:07:46.641  INFO 593 --- [extShutdownHook] o.s.s.concurrent.ThreadPoolTaskExecutor  : Shutting down ExecutorService 'applicationTaskExecutor'
2021-03-02 19:07:46.655  INFO 593 --- [extShutdownHook] o.s.s.concurrent.ThreadPoolTaskExecutor  : Shutting down ExecutorService 'applicationTaskExecutor'
[INFO] 
[INFO] Results:
[INFO] 
[8mha:////4CgK6TUHMrSW1t96nukUd2ZYEPeBeQrBANlCTnhyKkUYAAAAYB+LCAAAAAAAAP9b85aBtbiIQSmjNKU4P0+vJLE4u1gvPjexLDVPzxdEuhYV5Rf55ZekOlc7RKnPKH7IxMBQUcQgBdWQnJ9XnJ+TqucMoUEKGSCAEaSwAACsNFCqYAAAAA==[0m[ERROR] Errors: 
[8mha:////4CgK6TUHMrSW1t96nukUd2ZYEPeBeQrBANlCTnhyKkUYAAAAYB+LCAAAAAAAAP9b85aBtbiIQSmjNKU4P0+vJLE4u1gvPjexLDVPzxdEuhYV5Rf55ZekOlc7RKnPKH7IxMBQUcQgBdWQnJ9XnJ+TqucMoUEKGSCAEaSwAACsNFCqYAAAAA==[0m[ERROR]   PandaApplicationSeleniumTest.startup:38 Â» WebDriver Reached error page: about:...
[8mha:////4CgK6TUHMrSW1t96nukUd2ZYEPeBeQrBANlCTnhyKkUYAAAAYB+LCAAAAAAAAP9b85aBtbiIQSmjNKU4P0+vJLE4u1gvPjexLDVPzxdEuhYV5Rf55ZekOlc7RKnPKH7IxMBQUcQgBdWQnJ9XnJ+TqucMoUEKGSCAEaSwAACsNFCqYAAAAA==[0m[ERROR]   PandaApplicationSeleniumTest.startup:38 Â» WebDriver Reached error page: about:...
[INFO] 
[8mha:////4CgK6TUHMrSW1t96nukUd2ZYEPeBeQrBANlCTnhyKkUYAAAAYB+LCAAAAAAAAP9b85aBtbiIQSmjNKU4P0+vJLE4u1gvPjexLDVPzxdEuhYV5Rf55ZekOlc7RKnPKH7IxMBQUcQgBdWQnJ9XnJ+TqucMoUEKGSCAEaSwAACsNFCqYAAAAA==[0m[ERROR] Tests run: 4, Failures: 0, Errors: 2, Skipped: 0
[INFO] 
[INFO] ------------------------------------------------------------------------
[INFO] BUILD FAILURE
[INFO] ------------------------------------------------------------------------
[INFO] Total time:  19.805 s
[INFO] Finished at: 2021-03-02T19:07:47Z
[INFO] ------------------------------------------------------------------------
[8mha:////4CgK6TUHMrSW1t96nukUd2ZYEPeBeQrBANlCTnhyKkUYAAAAYB+LCAAAAAAAAP9b85aBtbiIQSmjNKU4P0+vJLE4u1gvPjexLDVPzxdEuhYV5Rf55ZekOlc7RKnPKH7IxMBQUcQgBdWQnJ9XnJ+TqucMoUEKGSCAEaSwAACsNFCqYAAAAA==[0m[ERROR] Failed to execute goal org.apache.maven.plugins:maven-surefire-plugin:2.22.2:test (default-test) on project panda: There are test failures.
[8mha:////4CgK6TUHMrSW1t96nukUd2ZYEPeBeQrBANlCTnhyKkUYAAAAYB+LCAAAAAAAAP9b85aBtbiIQSmjNKU4P0+vJLE4u1gvPjexLDVPzxdEuhYV5Rf55ZekOlc7RKnPKH7IxMBQUcQgBdWQnJ9XnJ+TqucMoUEKGSCAEaSwAACsNFCqYAAAAA==[0m[ERROR] 
[8mha:////4CgK6TUHMrSW1t96nukUd2ZYEPeBeQrBANlCTnhyKkUYAAAAYB+LCAAAAAAAAP9b85aBtbiIQSmjNKU4P0+vJLE4u1gvPjexLDVPzxdEuhYV5Rf55ZekOlc7RKnPKH7IxMBQUcQgBdWQnJ9XnJ+TqucMoUEKGSCAEaSwAACsNFCqYAAAAA==[0m[ERROR] Please refer to /var/jenkins_home/workspace/Szymon2/target/surefire-reports for the individual test results.
[8mha:////4CgK6TUHMrSW1t96nukUd2ZYEPeBeQrBANlCTnhyKkUYAAAAYB+LCAAAAAAAAP9b85aBtbiIQSmjNKU4P0+vJLE4u1gvPjexLDVPzxdEuhYV5Rf55ZekOlc7RKnPKH7IxMBQUcQgBdWQnJ9XnJ+TqucMoUEKGSCAEaSwAACsNFCqYAAAAA==[0m[ERROR] Please refer to dump files (if any exist) [date].dump, [date]-jvmRun[N].dump and [date].dumpstream.
[8mha:////4CgK6TUHMrSW1t96nukUd2ZYEPeBeQrBANlCTnhyKkUYAAAAYB+LCAAAAAAAAP9b85aBtbiIQSmjNKU4P0+vJLE4u1gvPjexLDVPzxdEuhYV5Rf55ZekOlc7RKnPKH7IxMBQUcQgBdWQnJ9XnJ+TqucMoUEKGSCAEaSwAACsNFCqYAAAAA==[0m[ERROR] -> [Help 1]
[8mha:////4CgK6TUHMrSW1t96nukUd2ZYEPeBeQrBANlCTnhyKkUYAAAAYB+LCAAAAAAAAP9b85aBtbiIQSmjNKU4P0+vJLE4u1gvPjexLDVPzxdEuhYV5Rf55ZekOlc7RKnPKH7IxMBQUcQgBdWQnJ9XnJ+TqucMoUEKGSCAEaSwAACsNFCqYAAAAA==[0m[ERROR] 
[8mha:////4CgK6TUHMrSW1t96nukUd2ZYEPeBeQrBANlCTnhyKkUYAAAAYB+LCAAAAAAAAP9b85aBtbiIQSmjNKU4P0+vJLE4u1gvPjexLDVPzxdEuhYV5Rf55ZekOlc7RKnPKH7IxMBQUcQgBdWQnJ9XnJ+TqucMoUEKGSCAEaSwAACsNFCqYAAAAA==[0m[ERROR] To see the full stack trace of the errors, re-run Maven with the -e switch.
[8mha:////4CgK6TUHMrSW1t96nukUd2ZYEPeBeQrBANlCTnhyKkUYAAAAYB+LCAAAAAAAAP9b85aBtbiIQSmjNKU4P0+vJLE4u1gvPjexLDVPzxdEuhYV5Rf55ZekOlc7RKnPKH7IxMBQUcQgBdWQnJ9XnJ+TqucMoUEKGSCAEaSwAACsNFCqYAAAAA==[0m[ERROR] Re-run Maven using the -X switch to enable full debug logging.
[8mha:////4CgK6TUHMrSW1t96nukUd2ZYEPeBeQrBANlCTnhyKkUYAAAAYB+LCAAAAAAAAP9b85aBtbiIQSmjNKU4P0+vJLE4u1gvPjexLDVPzxdEuhYV5Rf55ZekOlc7RKnPKH7IxMBQUcQgBdWQnJ9XnJ+TqucMoUEKGSCAEaSwAACsNFCqYAAAAA==[0m[ERROR] 
[8mha:////4CgK6TUHMrSW1t96nukUd2ZYEPeBeQrBANlCTnhyKkUYAAAAYB+LCAAAAAAAAP9b85aBtbiIQSmjNKU4P0+vJLE4u1gvPjexLDVPzxdEuhYV5Rf55ZekOlc7RKnPKH7IxMBQUcQgBdWQnJ9XnJ+TqucMoUEKGSCAEaSwAACsNFCqYAAAAA==[0m[ERROR] For more information about the errors and possible solutions, please read the following articles:
[8mha:////4CgK6TUHMrSW1t96nukUd2ZYEPeBeQrBANlCTnhyKkUYAAAAYB+LCAAAAAAAAP9b85aBtbiIQSmjNKU4P0+vJLE4u1gvPjexLDVPzxdEuhYV5Rf55ZekOlc7RKnPKH7IxMBQUcQgBdWQnJ9XnJ+TqucMoUEKGSCAEaSwAACsNFCqYAAAAA==[0m[ERROR] [Help 1] http://cwiki.apache.org/confluence/display/MAVEN/MojoFailureException
Build step 'Invoke top-level Maven targets' marked build as failure
Finished: FAILURE
