Started by user [8mha:////4Lw4RGUxINnL3vH97CatWGF4dJLLFn2VBZ2Dwuufx35BAAAAlx+LCAAAAAAAAP9b85aBtbiIQTGjNKU4P08vOT+vOD8nVc83PyU1x6OyILUoJzMv2y+/JJUBAhiZGBgqihhk0NSjKDWzXb3RdlLBUSYGJk8GtpzUvPSSDB8G5tKinBIGIZ+sxLJE/ZzEvHT94JKizLx0a6BxUmjGOUNodHsLgAzWEgZu/dLi1CL9gsS8lEQACjKVYMAAAAA=[0mpanda
Running as SYSTEM
Building on master in workspace /var/jenkins_home/workspace/CodePull
The recommended git tool is: NONE
using credential GitHubToken
 > git rev-parse --is-inside-work-tree # timeout=10
Fetching changes from the remote Git repository
 > git config remote.origin.url https://github.com/paweltatarczak/panda_application.git # timeout=10
Fetching upstream changes from https://github.com/paweltatarczak/panda_application.git
 > git --version # timeout=10
 > git --version # 'git version 2.20.1'
using GIT_ASKPASS to set credentials Git Hub Token (Repo / Packages/ RepoHook)
 > git fetch --tags --force --progress -- https://github.com/paweltatarczak/panda_application.git +refs/heads/*:refs/remotes/origin/* # timeout=10
 > git rev-parse refs/remotes/origin/seleniumgrid^{commit} # timeout=10
Checking out Revision 03f3a9ed0de8ca1ac26495f685afc393348f70a5 (refs/remotes/origin/seleniumgrid)
 > git config core.sparsecheckout # timeout=10
 > git checkout -f 03f3a9ed0de8ca1ac26495f685afc393348f70a5 # timeout=10
Commit message: "small changes in PandaAppSelTest"
 > git rev-list --no-walk d74d4b80984f5f6c72ca9020f2e198ba750c9291 # timeout=10
[CodePull] $ /var/jenkins_home/tools/hudson.tasks.Maven_MavenInstallation/maven3/bin/mvn install
[INFO] Scanning for projects...
[INFO] 
[INFO] --------------------------< pl.pandait:panda >--------------------------
[INFO] Building panda 0.0.1
[INFO] --------------------------------[ jar ]---------------------------------
[INFO] 
[8mha:////4KD+Mp3xCHh0uEQTKLD9AxTWaLk0VVU9tHyScmjYUQGqAAAAYB+LCAAAAAAAAP9b85aBtbiIQSmjNKU4P0+vJLE4u1gvPjexLDVPzxdEGvvmZ+X75ZekLlOVfvTjc8FPJgaGiiIGKaiG5Py84vycVD1nCA1SyAABjCCFBQCV27OjYAAAAA==[0m[INFO] --- maven-resources-plugin:3.1.0:resources (default-resources) @ panda ---
[INFO] Using 'UTF-8' encoding to copy filtered resources.
[INFO] Copying 1 resource
[INFO] Copying 2 resources
[INFO] 
[8mha:////4KD+Mp3xCHh0uEQTKLD9AxTWaLk0VVU9tHyScmjYUQGqAAAAYB+LCAAAAAAAAP9b85aBtbiIQSmjNKU4P0+vJLE4u1gvPjexLDVPzxdEGvvmZ+X75ZekLlOVfvTjc8FPJgaGiiIGKaiG5Py84vycVD1nCA1SyAABjCCFBQCV27OjYAAAAA==[0m[INFO] --- maven-compiler-plugin:3.8.1:compile (default-compile) @ panda ---
[INFO] Nothing to compile - all classes are up to date
[INFO] 
[8mha:////4KD+Mp3xCHh0uEQTKLD9AxTWaLk0VVU9tHyScmjYUQGqAAAAYB+LCAAAAAAAAP9b85aBtbiIQSmjNKU4P0+vJLE4u1gvPjexLDVPzxdEGvvmZ+X75ZekLlOVfvTjc8FPJgaGiiIGKaiG5Py84vycVD1nCA1SyAABjCCFBQCV27OjYAAAAA==[0m[INFO] --- maven-compiler-plugin:3.8.1:compile (default) @ panda ---
[INFO] Nothing to compile - all classes are up to date
[INFO] 
[8mha:////4KD+Mp3xCHh0uEQTKLD9AxTWaLk0VVU9tHyScmjYUQGqAAAAYB+LCAAAAAAAAP9b85aBtbiIQSmjNKU4P0+vJLE4u1gvPjexLDVPzxdEGvvmZ+X75ZekLlOVfvTjc8FPJgaGiiIGKaiG5Py84vycVD1nCA1SyAABjCCFBQCV27OjYAAAAA==[0m[INFO] --- maven-resources-plugin:3.1.0:testResources (default-testResources) @ panda ---
[INFO] Using 'UTF-8' encoding to copy filtered resources.
[INFO] skip non existing resourceDirectory /var/jenkins_home/workspace/CodePull/src/test/resources
[INFO] 
[8mha:////4KD+Mp3xCHh0uEQTKLD9AxTWaLk0VVU9tHyScmjYUQGqAAAAYB+LCAAAAAAAAP9b85aBtbiIQSmjNKU4P0+vJLE4u1gvPjexLDVPzxdEGvvmZ+X75ZekLlOVfvTjc8FPJgaGiiIGKaiG5Py84vycVD1nCA1SyAABjCCFBQCV27OjYAAAAA==[0m[INFO] --- maven-compiler-plugin:3.8.1:testCompile (default-testCompile) @ panda ---
[INFO] Changes detected - recompiling the module!
[INFO] Compiling 3 source files to /var/jenkins_home/workspace/CodePull/target/test-classes
[INFO] 
[8mha:////4KD+Mp3xCHh0uEQTKLD9AxTWaLk0VVU9tHyScmjYUQGqAAAAYB+LCAAAAAAAAP9b85aBtbiIQSmjNKU4P0+vJLE4u1gvPjexLDVPzxdEGvvmZ+X75ZekLlOVfvTjc8FPJgaGiiIGKaiG5Py84vycVD1nCA1SyAABjCCFBQCV27OjYAAAAA==[0m[INFO] --- maven-surefire-plugin:2.22.2:test (default-test) @ panda ---
[INFO] 
[INFO] -------------------------------------------------------
[INFO]  T E S T S
[INFO] -------------------------------------------------------
[INFO] Running pl.pandait.panda.PandaApplicationTest
11:06:01.407 [main] DEBUG org.springframework.test.context.BootstrapUtils - Instantiating CacheAwareContextLoaderDelegate from class [org.springframework.test.context.cache.DefaultCacheAwareContextLoaderDelegate]
11:06:01.422 [main] DEBUG org.springframework.test.context.BootstrapUtils - Instantiating BootstrapContext using constructor [public org.springframework.test.context.support.DefaultBootstrapContext(java.lang.Class,org.springframework.test.context.CacheAwareContextLoaderDelegate)]
11:06:01.460 [main] DEBUG org.springframework.test.context.BootstrapUtils - Instantiating TestContextBootstrapper for test class [pl.pandait.panda.PandaApplicationTest] from class [org.springframework.boot.test.context.SpringBootTestContextBootstrapper]
11:06:01.478 [main] INFO org.springframework.boot.test.context.SpringBootTestContextBootstrapper - Neither @ContextConfiguration nor @ContextHierarchy found for test class [pl.pandait.panda.PandaApplicationTest], using SpringBootContextLoader
11:06:01.485 [main] DEBUG org.springframework.test.context.support.AbstractContextLoader - Did not detect default resource location for test class [pl.pandait.panda.PandaApplicationTest]: class path resource [pl/pandait/panda/PandaApplicationTest-context.xml] does not exist
11:06:01.486 [main] DEBUG org.springframework.test.context.support.AbstractContextLoader - Did not detect default resource location for test class [pl.pandait.panda.PandaApplicationTest]: class path resource [pl/pandait/panda/PandaApplicationTestContext.groovy] does not exist
11:06:01.486 [main] INFO org.springframework.test.context.support.AbstractContextLoader - Could not detect default resource locations for test class [pl.pandait.panda.PandaApplicationTest]: no resource found for suffixes {-context.xml, Context.groovy}.
11:06:01.488 [main] INFO org.springframework.test.context.support.AnnotationConfigContextLoaderUtils - Could not detect default configuration classes for test class [pl.pandait.panda.PandaApplicationTest]: PandaApplicationTest does not declare any static, non-private, non-final, nested classes annotated with @Configuration.
11:06:01.530 [main] DEBUG org.springframework.test.context.support.ActiveProfilesUtils - Could not find an 'annotation declaring class' for annotation type [org.springframework.test.context.ActiveProfiles] and class [pl.pandait.panda.PandaApplicationTest]
11:06:01.655 [main] DEBUG org.springframework.context.annotation.ClassPathScanningCandidateComponentProvider - Identified candidate component class: file [/var/jenkins_home/workspace/CodePull/target/classes/pl/pandait/panda/PandaApplication.class]
11:06:01.657 [main] INFO org.springframework.boot.test.context.SpringBootTestContextBootstrapper - Found @SpringBootConfiguration pl.pandait.panda.PandaApplication for test class pl.pandait.panda.PandaApplicationTest
11:06:01.769 [main] DEBUG org.springframework.boot.test.context.SpringBootTestContextBootstrapper - @TestExecutionListeners is not present for class [pl.pandait.panda.PandaApplicationTest]: using defaults.
11:06:01.770 [main] INFO org.springframework.boot.test.context.SpringBootTestContextBootstrapper - Loaded default TestExecutionListener class names from location [META-INF/spring.factories]: [org.springframework.boot.test.mock.mockito.MockitoTestExecutionListener, org.springframework.boot.test.mock.mockito.ResetMocksTestExecutionListener, org.springframework.boot.test.autoconfigure.restdocs.RestDocsTestExecutionListener, org.springframework.boot.test.autoconfigure.web.client.MockRestServiceServerResetTestExecutionListener, org.springframework.boot.test.autoconfigure.web.servlet.MockMvcPrintOnlyOnFailureTestExecutionListener, org.springframework.boot.test.autoconfigure.web.servlet.WebDriverTestExecutionListener, org.springframework.test.context.web.ServletTestExecutionListener, org.springframework.test.context.support.DirtiesContextBeforeModesTestExecutionListener, org.springframework.test.context.support.DependencyInjectionTestExecutionListener, org.springframework.test.context.support.DirtiesContextTestExecutionListener, org.springframework.test.context.transaction.TransactionalTestExecutionListener, org.springframework.test.context.jdbc.SqlScriptsTestExecutionListener, org.springframework.test.context.event.EventPublishingTestExecutionListener]
11:06:01.781 [main] DEBUG org.springframework.boot.test.context.SpringBootTestContextBootstrapper - Skipping candidate TestExecutionListener [org.springframework.test.context.transaction.TransactionalTestExecutionListener] due to a missing dependency. Specify custom listener classes or make the default listener classes and their required dependencies available. Offending class: [org/springframework/transaction/TransactionDefinition]
11:06:01.783 [main] DEBUG org.springframework.boot.test.context.SpringBootTestContextBootstrapper - Skipping candidate TestExecutionListener [org.springframework.test.context.jdbc.SqlScriptsTestExecutionListener] due to a missing dependency. Specify custom listener classes or make the default listener classes and their required dependencies available. Offending class: [org/springframework/transaction/interceptor/TransactionAttribute]
11:06:01.784 [main] INFO org.springframework.boot.test.context.SpringBootTestContextBootstrapper - Using TestExecutionListeners: [org.springframework.test.context.web.ServletTestExecutionListener@64ba3208, org.springframework.test.context.support.DirtiesContextBeforeModesTestExecutionListener@158a3b2e, org.springframework.boot.test.mock.mockito.MockitoTestExecutionListener@25a6944c, org.springframework.boot.test.autoconfigure.SpringBootDependencyInjectionTestExecutionListener@5e1fa5b1, org.springframework.test.context.support.DirtiesContextTestExecutionListener@6b00f608, org.springframework.test.context.event.EventPublishingTestExecutionListener@2f17e30d, org.springframework.boot.test.mock.mockito.ResetMocksTestExecutionListener@3e821657, org.springframework.boot.test.autoconfigure.restdocs.RestDocsTestExecutionListener@1d131e1b, org.springframework.boot.test.autoconfigure.web.client.MockRestServiceServerResetTestExecutionListener@71cf1b07, org.springframework.boot.test.autoconfigure.web.servlet.MockMvcPrintOnlyOnFailureTestExecutionListener@615091b8, org.springframework.boot.test.autoconfigure.web.servlet.WebDriverTestExecutionListener@4fce136b]
11:06:01.790 [main] DEBUG org.springframework.test.context.support.AbstractDirtiesContextTestExecutionListener - Before test class: context [DefaultTestContext@4983159f testClass = PandaApplicationTest, testInstance = [null], testMethod = [null], testException = [null], mergedContextConfiguration = [WebMergedContextConfiguration@44e3a2b2 testClass = PandaApplicationTest, locations = '{}', classes = '{class pl.pandait.panda.PandaApplication}', contextInitializerClasses = '[]', activeProfiles = '{}', propertySourceLocations = '{}', propertySourceProperties = '{org.springframework.boot.test.context.SpringBootTestContextBootstrapper=true}', contextCustomizers = set[org.springframework.boot.test.context.filter.ExcludeFilterContextCustomizer@6c7a164b, org.springframework.boot.test.json.DuplicateJsonObjectContextCustomizerFactory$DuplicateJsonObjectContextCustomizer@4ef74c30, org.springframework.boot.test.mock.mockito.MockitoContextCustomizer@0, org.springframework.boot.test.web.client.TestRestTemplateContextCustomizer@72d6b3ba, org.springframework.boot.test.autoconfigure.properties.PropertyMappingContextCustomizer@0, org.springframework.boot.test.autoconfigure.web.servlet.WebDriverContextCustomizerFactory$Customizer@27912e3], resourceBasePath = 'src/main/webapp', contextLoader = 'org.springframework.boot.test.context.SpringBootContextLoader', parent = [null]], attributes = map['org.springframework.test.context.web.ServletTestExecutionListener.activateListener' -> true]], class annotated with @DirtiesContext [false] with mode [null].
11:06:02.349 [main] DEBUG org.springframework.test.context.support.TestPropertySourceUtils - Adding inlined properties to environment: {spring.jmx.enabled=false, org.springframework.boot.test.context.SpringBootTestContextBootstrapper=true, server.port=-1}

  .   ____          _            __ _ _
 /\\ / ___'_ __ _ _(_)_ __  __ _ \ \ \ \
( ( )\___ | '_ | '_| | '_ \/ _` | \ \ \ \
 \\/  ___)| |_)| | | | | || (_| |  ) ) ) )
  '  |____| .__|_| |_|_| |_\__, | / / / /
 =========|_|==============|___/=/_/_/_/
 :: Spring Boot ::        (v2.2.4.RELEASE)

2021-03-02 11:06:02.713  INFO 686 --- [           main] pl.pandait.panda.PandaApplicationTest    : Starting PandaApplicationTest on 9bbee387e600 with PID 686 (started by jenkins in /var/jenkins_home/workspace/CodePull)
2021-03-02 11:06:02.715  INFO 686 --- [           main] pl.pandait.panda.PandaApplicationTest    : No active profile set, falling back to default profiles: default
2021-03-02 11:06:04.149  INFO 686 --- [           main] o.s.s.concurrent.ThreadPoolTaskExecutor  : Initializing ExecutorService 'applicationTaskExecutor'
2021-03-02 11:06:04.252  INFO 686 --- [           main] o.s.b.a.w.s.WelcomePageHandlerMapping    : Adding welcome page: class path resource [static/index.html]
2021-03-02 11:06:04.550  INFO 686 --- [           main] pl.pandait.panda.PandaApplicationTest    : Started PandaApplicationTest in 2.192 seconds (JVM running for 4.55)
[INFO] Tests run: 1, Failures: 0, Errors: 0, Skipped: 0, Time elapsed: 3.68 s - in pl.pandait.panda.PandaApplicationTest
[INFO] Running pl.pandait.panda.HelloControllerTest
2021-03-02 11:06:04.973  INFO 686 --- [           main] .b.t.c.SpringBootTestContextBootstrapper : Neither @ContextConfiguration nor @ContextHierarchy found for test class [pl.pandait.panda.HelloControllerTest], using SpringBootContextLoader
2021-03-02 11:06:04.974  INFO 686 --- [           main] o.s.t.c.support.AbstractContextLoader    : Could not detect default resource locations for test class [pl.pandait.panda.HelloControllerTest]: no resource found for suffixes {-context.xml, Context.groovy}.
2021-03-02 11:06:04.975  INFO 686 --- [           main] t.c.s.AnnotationConfigContextLoaderUtils : Could not detect default configuration classes for test class [pl.pandait.panda.HelloControllerTest]: HelloControllerTest does not declare any static, non-private, non-final, nested classes annotated with @Configuration.
2021-03-02 11:06:04.977  INFO 686 --- [           main] .b.t.c.SpringBootTestContextBootstrapper : Found @SpringBootConfiguration pl.pandait.panda.PandaApplication for test class pl.pandait.panda.HelloControllerTest
2021-03-02 11:06:04.979  INFO 686 --- [           main] .b.t.c.SpringBootTestContextBootstrapper : Loaded default TestExecutionListener class names from location [META-INF/spring.factories]: [org.springframework.boot.test.mock.mockito.MockitoTestExecutionListener, org.springframework.boot.test.mock.mockito.ResetMocksTestExecutionListener, org.springframework.boot.test.autoconfigure.restdocs.RestDocsTestExecutionListener, org.springframework.boot.test.autoconfigure.web.client.MockRestServiceServerResetTestExecutionListener, org.springframework.boot.test.autoconfigure.web.servlet.MockMvcPrintOnlyOnFailureTestExecutionListener, org.springframework.boot.test.autoconfigure.web.servlet.WebDriverTestExecutionListener, org.springframework.test.context.web.ServletTestExecutionListener, org.springframework.test.context.support.DirtiesContextBeforeModesTestExecutionListener, org.springframework.test.context.support.DependencyInjectionTestExecutionListener, org.springframework.test.context.support.DirtiesContextTestExecutionListener, org.springframework.test.context.transaction.TransactionalTestExecutionListener, org.springframework.test.context.jdbc.SqlScriptsTestExecutionListener, org.springframework.test.context.event.EventPublishingTestExecutionListener]
2021-03-02 11:06:04.981  INFO 686 --- [           main] .b.t.c.SpringBootTestContextBootstrapper : Using TestExecutionListeners: [org.springframework.test.context.web.ServletTestExecutionListener@261de205, org.springframework.test.context.support.DirtiesContextBeforeModesTestExecutionListener@7f3fc42f, org.springframework.boot.test.mock.mockito.MockitoTestExecutionListener@25a1a012, org.springframework.boot.test.autoconfigure.SpringBootDependencyInjectionTestExecutionListener@ce12fbb, org.springframework.test.context.support.DirtiesContextTestExecutionListener@4525e9e8, org.springframework.test.context.event.EventPublishingTestExecutionListener@443a53df, org.springframework.boot.test.mock.mockito.ResetMocksTestExecutionListener@6c33da7a, org.springframework.boot.test.autoconfigure.restdocs.RestDocsTestExecutionListener@69aabcb0, org.springframework.boot.test.autoconfigure.web.client.MockRestServiceServerResetTestExecutionListener@32a72c4, org.springframework.boot.test.autoconfigure.web.servlet.MockMvcPrintOnlyOnFailureTestExecutionListener@15986dd5, org.springframework.boot.test.autoconfigure.web.servlet.WebDriverTestExecutionListener@678a9516]

  .   ____          _            __ _ _
 /\\ / ___'_ __ _ _(_)_ __  __ _ \ \ \ \
( ( )\___ | '_ | '_| | '_ \/ _` | \ \ \ \
 \\/  ___)| |_)| | | | | || (_| |  ) ) ) )
  '  |____| .__|_| |_|_| |_\__, | / / / /
 =========|_|==============|___/=/_/_/_/
 :: Spring Boot ::        (v2.2.4.RELEASE)

2021-03-02 11:06:05.017  INFO 686 --- [           main] pl.pandait.panda.HelloControllerTest     : Starting HelloControllerTest on 9bbee387e600 with PID 686 (started by jenkins in /var/jenkins_home/workspace/CodePull)
2021-03-02 11:06:05.017  INFO 686 --- [           main] pl.pandait.panda.HelloControllerTest     : No active profile set, falling back to default profiles: default
2021-03-02 11:06:05.425  INFO 686 --- [           main] o.s.b.w.embedded.tomcat.TomcatWebServer  : Tomcat initialized with port(s): 0 (http)
2021-03-02 11:06:05.439  INFO 686 --- [           main] o.apache.catalina.core.StandardService   : Starting service [Tomcat]
2021-03-02 11:06:05.440  INFO 686 --- [           main] org.apache.catalina.core.StandardEngine  : Starting Servlet engine: [Apache Tomcat/9.0.30]
2021-03-02 11:06:05.559  INFO 686 --- [           main] o.a.c.c.C.[Tomcat].[localhost].[/]       : Initializing Spring embedded WebApplicationContext
2021-03-02 11:06:05.560  INFO 686 --- [           main] o.s.web.context.ContextLoader            : Root WebApplicationContext: initialization completed in 534 ms
2021-03-02 11:06:05.778  INFO 686 --- [           main] o.s.s.concurrent.ThreadPoolTaskExecutor  : Initializing ExecutorService 'applicationTaskExecutor'
2021-03-02 11:06:05.807  INFO 686 --- [           main] o.s.b.a.w.s.WelcomePageHandlerMapping    : Adding welcome page: class path resource [static/index.html]
2021-03-02 11:06:06.169  INFO 686 --- [           main] o.s.b.w.embedded.tomcat.TomcatWebServer  : Tomcat started on port(s): 40357 (http) with context path ''
2021-03-02 11:06:06.171  INFO 686 --- [           main] pl.pandait.panda.HelloControllerTest     : Started HelloControllerTest in 1.186 seconds (JVM running for 6.171)
2021-03-02 11:06:06.206  INFO 686 --- [           main] o.s.mock.web.MockServletContext          : Initializing Spring TestDispatcherServlet ''
2021-03-02 11:06:06.207  INFO 686 --- [           main] o.s.t.web.servlet.TestDispatcherServlet  : Initializing Servlet ''
2021-03-02 11:06:06.208  INFO 686 --- [           main] o.s.t.web.servlet.TestDispatcherServlet  : Completed initialization in 1 ms
[INFO] Tests run: 1, Failures: 0, Errors: 0, Skipped: 0, Time elapsed: 1.259 s - in pl.pandait.panda.HelloControllerTest
2021-03-02 11:06:06.294  INFO 686 --- [extShutdownHook] o.s.s.concurrent.ThreadPoolTaskExecutor  : Shutting down ExecutorService 'applicationTaskExecutor'
2021-03-02 11:06:06.302  INFO 686 --- [extShutdownHook] o.s.s.concurrent.ThreadPoolTaskExecutor  : Shutting down ExecutorService 'applicationTaskExecutor'
[INFO] 
[INFO] Results:
[INFO] 
[INFO] Tests run: 2, Failures: 0, Errors: 0, Skipped: 0
[INFO] 
[INFO] 
[8mha:////4KD+Mp3xCHh0uEQTKLD9AxTWaLk0VVU9tHyScmjYUQGqAAAAYB+LCAAAAAAAAP9b85aBtbiIQSmjNKU4P0+vJLE4u1gvPjexLDVPzxdEGvvmZ+X75ZekLlOVfvTjc8FPJgaGiiIGKaiG5Py84vycVD1nCA1SyAABjCCFBQCV27OjYAAAAA==[0m[INFO] --- maven-surefire-plugin:2.22.2:test (default) @ panda ---
[INFO] Skipping execution of surefire because it has already been run for this configuration
[INFO] 
[8mha:////4KD+Mp3xCHh0uEQTKLD9AxTWaLk0VVU9tHyScmjYUQGqAAAAYB+LCAAAAAAAAP9b85aBtbiIQSmjNKU4P0+vJLE4u1gvPjexLDVPzxdEGvvmZ+X75ZekLlOVfvTjc8FPJgaGiiIGKaiG5Py84vycVD1nCA1SyAABjCCFBQCV27OjYAAAAA==[0m[INFO] --- maven-jar-plugin:3.1.2:jar (default-jar) @ panda ---
[INFO] Building jar: /var/jenkins_home/workspace/CodePull/target/panda-0.0.1.jar
[INFO] 
[8mha:////4KD+Mp3xCHh0uEQTKLD9AxTWaLk0VVU9tHyScmjYUQGqAAAAYB+LCAAAAAAAAP9b85aBtbiIQSmjNKU4P0+vJLE4u1gvPjexLDVPzxdEGvvmZ+X75ZekLlOVfvTjc8FPJgaGiiIGKaiG5Py84vycVD1nCA1SyAABjCCFBQCV27OjYAAAAA==[0m[INFO] --- spring-boot-maven-plugin:2.2.4.RELEASE:repackage (repackage) @ panda ---
[INFO] Replacing main artifact with repackaged archive
[INFO] 
[8mha:////4KD+Mp3xCHh0uEQTKLD9AxTWaLk0VVU9tHyScmjYUQGqAAAAYB+LCAAAAAAAAP9b85aBtbiIQSmjNKU4P0+vJLE4u1gvPjexLDVPzxdEGvvmZ+X75ZekLlOVfvTjc8FPJgaGiiIGKaiG5Py84vycVD1nCA1SyAABjCCFBQCV27OjYAAAAA==[0m[INFO] --- maven-install-plugin:2.5.2:install (default-install) @ panda ---
[INFO] Installing /var/jenkins_home/workspace/CodePull/target/panda-0.0.1.jar to /var/jenkins_home/.m2/repository/pl/pandait/panda/0.0.1/panda-0.0.1.jar
[INFO] Installing /var/jenkins_home/workspace/CodePull/pom.xml to /var/jenkins_home/.m2/repository/pl/pandait/panda/0.0.1/panda-0.0.1.pom
[INFO] ------------------------------------------------------------------------
[INFO] BUILD SUCCESS
[INFO] ------------------------------------------------------------------------
[INFO] Total time:  11.011 s
[INFO] Finished at: 2021-03-02T11:06:08Z
[INFO] ------------------------------------------------------------------------
[CodePull] $ /var/jenkins_home/tools/hudson.tasks.Maven_MavenInstallation/maven3/bin/mvn test -Pselenium
[INFO] Scanning for projects...
[INFO] 
[INFO] --------------------------< pl.pandait:panda >--------------------------
[INFO] Building panda 0.0.1
[INFO] --------------------------------[ jar ]---------------------------------
[INFO] 
[8mha:////4KD+Mp3xCHh0uEQTKLD9AxTWaLk0VVU9tHyScmjYUQGqAAAAYB+LCAAAAAAAAP9b85aBtbiIQSmjNKU4P0+vJLE4u1gvPjexLDVPzxdEGvvmZ+X75ZekLlOVfvTjc8FPJgaGiiIGKaiG5Py84vycVD1nCA1SyAABjCCFBQCV27OjYAAAAA==[0m[INFO] --- maven-resources-plugin:3.1.0:resources (default-resources) @ panda ---
[INFO] Using 'UTF-8' encoding to copy filtered resources.
[INFO] Copying 1 resource
[INFO] Copying 2 resources
[INFO] 
[8mha:////4KD+Mp3xCHh0uEQTKLD9AxTWaLk0VVU9tHyScmjYUQGqAAAAYB+LCAAAAAAAAP9b85aBtbiIQSmjNKU4P0+vJLE4u1gvPjexLDVPzxdEGvvmZ+X75ZekLlOVfvTjc8FPJgaGiiIGKaiG5Py84vycVD1nCA1SyAABjCCFBQCV27OjYAAAAA==[0m[INFO] --- maven-compiler-plugin:3.8.1:compile (default-compile) @ panda ---
[INFO] Nothing to compile - all classes are up to date
[INFO] 
[8mha:////4KD+Mp3xCHh0uEQTKLD9AxTWaLk0VVU9tHyScmjYUQGqAAAAYB+LCAAAAAAAAP9b85aBtbiIQSmjNKU4P0+vJLE4u1gvPjexLDVPzxdEGvvmZ+X75ZekLlOVfvTjc8FPJgaGiiIGKaiG5Py84vycVD1nCA1SyAABjCCFBQCV27OjYAAAAA==[0m[INFO] --- maven-compiler-plugin:3.8.1:compile (default) @ panda ---
[INFO] Nothing to compile - all classes are up to date
[INFO] 
[8mha:////4KD+Mp3xCHh0uEQTKLD9AxTWaLk0VVU9tHyScmjYUQGqAAAAYB+LCAAAAAAAAP9b85aBtbiIQSmjNKU4P0+vJLE4u1gvPjexLDVPzxdEGvvmZ+X75ZekLlOVfvTjc8FPJgaGiiIGKaiG5Py84vycVD1nCA1SyAABjCCFBQCV27OjYAAAAA==[0m[INFO] --- maven-resources-plugin:3.1.0:testResources (default-testResources) @ panda ---
[INFO] Using 'UTF-8' encoding to copy filtered resources.
[INFO] skip non existing resourceDirectory /var/jenkins_home/workspace/CodePull/src/test/resources
[INFO] 
[8mha:////4KD+Mp3xCHh0uEQTKLD9AxTWaLk0VVU9tHyScmjYUQGqAAAAYB+LCAAAAAAAAP9b85aBtbiIQSmjNKU4P0+vJLE4u1gvPjexLDVPzxdEGvvmZ+X75ZekLlOVfvTjc8FPJgaGiiIGKaiG5Py84vycVD1nCA1SyAABjCCFBQCV27OjYAAAAA==[0m[INFO] --- maven-compiler-plugin:3.8.1:testCompile (default-testCompile) @ panda ---
[INFO] Nothing to compile - all classes are up to date
[INFO] 
[8mha:////4KD+Mp3xCHh0uEQTKLD9AxTWaLk0VVU9tHyScmjYUQGqAAAAYB+LCAAAAAAAAP9b85aBtbiIQSmjNKU4P0+vJLE4u1gvPjexLDVPzxdEGvvmZ+X75ZekLlOVfvTjc8FPJgaGiiIGKaiG5Py84vycVD1nCA1SyAABjCCFBQCV27OjYAAAAA==[0m[INFO] --- maven-surefire-plugin:2.22.2:test (default-test) @ panda ---
[INFO] 
[INFO] -------------------------------------------------------
[INFO]  T E S T S
[INFO] -------------------------------------------------------
[INFO] Running pl.pandait.panda.PandaApplicationSeleniumTest
11:06:13.359 [main] DEBUG org.springframework.test.context.BootstrapUtils - Instantiating CacheAwareContextLoaderDelegate from class [org.springframework.test.context.cache.DefaultCacheAwareContextLoaderDelegate]
11:06:13.373 [main] DEBUG org.springframework.test.context.BootstrapUtils - Instantiating BootstrapContext using constructor [public org.springframework.test.context.support.DefaultBootstrapContext(java.lang.Class,org.springframework.test.context.CacheAwareContextLoaderDelegate)]
11:06:13.409 [main] DEBUG org.springframework.test.context.BootstrapUtils - Instantiating TestContextBootstrapper for test class [pl.pandait.panda.PandaApplicationSeleniumTest] from class [org.springframework.boot.test.context.SpringBootTestContextBootstrapper]
11:06:13.426 [main] INFO org.springframework.boot.test.context.SpringBootTestContextBootstrapper - Neither @ContextConfiguration nor @ContextHierarchy found for test class [pl.pandait.panda.PandaApplicationSeleniumTest], using SpringBootContextLoader
11:06:13.431 [main] DEBUG org.springframework.test.context.support.AbstractContextLoader - Did not detect default resource location for test class [pl.pandait.panda.PandaApplicationSeleniumTest]: class path resource [pl/pandait/panda/PandaApplicationSeleniumTest-context.xml] does not exist
11:06:13.432 [main] DEBUG org.springframework.test.context.support.AbstractContextLoader - Did not detect default resource location for test class [pl.pandait.panda.PandaApplicationSeleniumTest]: class path resource [pl/pandait/panda/PandaApplicationSeleniumTestContext.groovy] does not exist
11:06:13.433 [main] INFO org.springframework.test.context.support.AbstractContextLoader - Could not detect default resource locations for test class [pl.pandait.panda.PandaApplicationSeleniumTest]: no resource found for suffixes {-context.xml, Context.groovy}.
11:06:13.471 [main] DEBUG org.springframework.test.context.support.ActiveProfilesUtils - Could not find an 'annotation declaring class' for annotation type [org.springframework.test.context.ActiveProfiles] and class [pl.pandait.panda.PandaApplicationSeleniumTest]
11:06:13.613 [main] DEBUG org.springframework.boot.test.context.SpringBootTestContextBootstrapper - @TestExecutionListeners is not present for class [pl.pandait.panda.PandaApplicationSeleniumTest]: using defaults.
11:06:13.614 [main] INFO org.springframework.boot.test.context.SpringBootTestContextBootstrapper - Loaded default TestExecutionListener class names from location [META-INF/spring.factories]: [org.springframework.boot.test.mock.mockito.MockitoTestExecutionListener, org.springframework.boot.test.mock.mockito.ResetMocksTestExecutionListener, org.springframework.boot.test.autoconfigure.restdocs.RestDocsTestExecutionListener, org.springframework.boot.test.autoconfigure.web.client.MockRestServiceServerResetTestExecutionListener, org.springframework.boot.test.autoconfigure.web.servlet.MockMvcPrintOnlyOnFailureTestExecutionListener, org.springframework.boot.test.autoconfigure.web.servlet.WebDriverTestExecutionListener, org.springframework.test.context.web.ServletTestExecutionListener, org.springframework.test.context.support.DirtiesContextBeforeModesTestExecutionListener, org.springframework.test.context.support.DependencyInjectionTestExecutionListener, org.springframework.test.context.support.DirtiesContextTestExecutionListener, org.springframework.test.context.transaction.TransactionalTestExecutionListener, org.springframework.test.context.jdbc.SqlScriptsTestExecutionListener, org.springframework.test.context.event.EventPublishingTestExecutionListener]
11:06:13.638 [main] DEBUG org.springframework.boot.test.context.SpringBootTestContextBootstrapper - Skipping candidate TestExecutionListener [org.springframework.test.context.transaction.TransactionalTestExecutionListener] due to a missing dependency. Specify custom listener classes or make the default listener classes and their required dependencies available. Offending class: [org/springframework/transaction/interceptor/TransactionAttributeSource]
11:06:13.639 [main] DEBUG org.springframework.boot.test.context.SpringBootTestContextBootstrapper - Skipping candidate TestExecutionListener [org.springframework.test.context.jdbc.SqlScriptsTestExecutionListener] due to a missing dependency. Specify custom listener classes or make the default listener classes and their required dependencies available. Offending class: [org/springframework/transaction/interceptor/TransactionAttribute]
11:06:13.639 [main] INFO org.springframework.boot.test.context.SpringBootTestContextBootstrapper - Using TestExecutionListeners: [org.springframework.test.context.web.ServletTestExecutionListener@15dcfae7, org.springframework.test.context.support.DirtiesContextBeforeModesTestExecutionListener@3da05287, org.springframework.boot.test.mock.mockito.MockitoTestExecutionListener@1e636ea3, org.springframework.boot.test.autoconfigure.SpringBootDependencyInjectionTestExecutionListener@115667d, org.springframework.test.context.support.DirtiesContextTestExecutionListener@736caf7a, org.springframework.test.context.event.EventPublishingTestExecutionListener@4ce7fffa, org.springframework.boot.test.mock.mockito.ResetMocksTestExecutionListener@497486b3, org.springframework.boot.test.autoconfigure.restdocs.RestDocsTestExecutionListener@63f8276e, org.springframework.boot.test.autoconfigure.web.client.MockRestServiceServerResetTestExecutionListener@75f95314, org.springframework.boot.test.autoconfigure.web.servlet.MockMvcPrintOnlyOnFailureTestExecutionListener@6127a7e, org.springframework.boot.test.autoconfigure.web.servlet.WebDriverTestExecutionListener@6bbe2511]
11:06:13.647 [main] DEBUG org.springframework.test.context.support.AbstractDirtiesContextTestExecutionListener - Before test class: context [DefaultTestContext@3d2ee678 testClass = PandaApplicationSeleniumTest, testInstance = [null], testMethod = [null], testException = [null], mergedContextConfiguration = [WebMergedContextConfiguration@6179e425 testClass = PandaApplicationSeleniumTest, locations = '{}', classes = '{class pl.pandait.panda.PandaApplication, class pl.pandait.panda.PandaApplication}', contextInitializerClasses = '[]', activeProfiles = '{}', propertySourceLocations = '{}', propertySourceProperties = '{org.springframework.boot.test.context.SpringBootTestContextBootstrapper=true}', contextCustomizers = set[org.springframework.boot.test.context.filter.ExcludeFilterContextCustomizer@35b74c5c, org.springframework.boot.test.json.DuplicateJsonObjectContextCustomizerFactory$DuplicateJsonObjectContextCustomizer@81d9a72, org.springframework.boot.test.mock.mockito.MockitoContextCustomizer@0, org.springframework.boot.test.web.client.TestRestTemplateContextCustomizer@1e13529a, org.springframework.boot.test.autoconfigure.properties.PropertyMappingContextCustomizer@0, org.springframework.boot.test.autoconfigure.web.servlet.WebDriverContextCustomizerFactory$Customizer@3336e6b6], resourceBasePath = 'src/main/webapp', contextLoader = 'org.springframework.boot.test.context.SpringBootContextLoader', parent = [null]], attributes = map['org.springframework.test.context.web.ServletTestExecutionListener.activateListener' -> false]], class annotated with @DirtiesContext [false] with mode [null].
11:06:13.670 [main] DEBUG org.springframework.test.context.support.DependencyInjectionTestExecutionListener - Performing dependency injection for test context [[DefaultTestContext@3d2ee678 testClass = PandaApplicationSeleniumTest, testInstance = pl.pandait.panda.PandaApplicationSeleniumTest@30b19518, testMethod = [null], testException = [null], mergedContextConfiguration = [WebMergedContextConfiguration@6179e425 testClass = PandaApplicationSeleniumTest, locations = '{}', classes = '{class pl.pandait.panda.PandaApplication, class pl.pandait.panda.PandaApplication}', contextInitializerClasses = '[]', activeProfiles = '{}', propertySourceLocations = '{}', propertySourceProperties = '{org.springframework.boot.test.context.SpringBootTestContextBootstrapper=true}', contextCustomizers = set[org.springframework.boot.test.context.filter.ExcludeFilterContextCustomizer@35b74c5c, org.springframework.boot.test.json.DuplicateJsonObjectContextCustomizerFactory$DuplicateJsonObjectContextCustomizer@81d9a72, org.springframework.boot.test.mock.mockito.MockitoContextCustomizer@0, org.springframework.boot.test.web.client.TestRestTemplateContextCustomizer@1e13529a, org.springframework.boot.test.autoconfigure.properties.PropertyMappingContextCustomizer@0, org.springframework.boot.test.autoconfigure.web.servlet.WebDriverContextCustomizerFactory$Customizer@3336e6b6], resourceBasePath = 'src/main/webapp', contextLoader = 'org.springframework.boot.test.context.SpringBootContextLoader', parent = [null]], attributes = map['org.springframework.test.context.web.ServletTestExecutionListener.activateListener' -> false]]].
11:06:13.702 [main] DEBUG org.springframework.test.context.support.TestPropertySourceUtils - Adding inlined properties to environment: {spring.jmx.enabled=false, org.springframework.boot.test.context.SpringBootTestContextBootstrapper=true}

  .   ____          _            __ _ _
 /\\ / ___'_ __ _ _(_)_ __  __ _ \ \ \ \
( ( )\___ | '_ | '_| | '_ \/ _` | \ \ \ \
 \\/  ___)| |_)| | | | | || (_| |  ) ) ) )
  '  |____| .__|_| |_|_| |_\__, | / / / /
 =========|_|==============|___/=/_/_/_/
 :: Spring Boot ::        (v2.2.4.RELEASE)

2021-03-02 11:06:14.261  INFO 785 --- [           main] p.p.panda.PandaApplicationSeleniumTest   : Starting PandaApplicationSeleniumTest on 9bbee387e600 with PID 785 (started by jenkins in /var/jenkins_home/workspace/CodePull)
2021-03-02 11:06:14.265  INFO 785 --- [           main] p.p.panda.PandaApplicationSeleniumTest   : No active profile set, falling back to default profiles: default
2021-03-02 11:06:15.667  INFO 785 --- [           main] o.s.b.w.embedded.tomcat.TomcatWebServer  : Tomcat initialized with port(s): 8090 (http)
2021-03-02 11:06:15.684  INFO 785 --- [           main] o.apache.catalina.core.StandardService   : Starting service [Tomcat]
2021-03-02 11:06:15.686  INFO 785 --- [           main] org.apache.catalina.core.StandardEngine  : Starting Servlet engine: [Apache Tomcat/9.0.30]
2021-03-02 11:06:15.838  INFO 785 --- [           main] o.a.c.c.C.[Tomcat].[localhost].[/]       : Initializing Spring embedded WebApplicationContext
2021-03-02 11:06:15.839  INFO 785 --- [           main] o.s.web.context.ContextLoader            : Root WebApplicationContext: initialization completed in 1533 ms
2021-03-02 11:06:16.263  INFO 785 --- [           main] o.s.s.concurrent.ThreadPoolTaskExecutor  : Initializing ExecutorService 'applicationTaskExecutor'
2021-03-02 11:06:16.385  INFO 785 --- [           main] o.s.b.a.w.s.WelcomePageHandlerMapping    : Adding welcome page: class path resource [static/index.html]
2021-03-02 11:06:16.929  INFO 785 --- [           main] o.s.b.w.embedded.tomcat.TomcatWebServer  : Tomcat started on port(s): 8090 (http) with context path ''
2021-03-02 11:06:16.932  INFO 785 --- [           main] p.p.panda.PandaApplicationSeleniumTest   : Started PandaApplicationSeleniumTest in 3.225 seconds (JVM running for 4.443)
2021-03-02 11:06:17.261  INFO 785 --- [           main] org.openqa.selenium.Capabilities         : Using `new FirefoxOptions()` is preferred to `DesiredCapabilities.firefox()`
2021-03-02 11:06:20.114  INFO 785 --- [ null to remote] o.o.selenium.remote.ProtocolHandshake    : Detected dialect: W3C
2021-03-02 11:06:20.960  INFO 785 --- [           main] org.openqa.selenium.Capabilities         : Using `new FirefoxOptions()` is preferred to `DesiredCapabilities.firefox()`
2021-03-02 11:06:23.460  INFO 785 --- [ null to remote] o.o.selenium.remote.ProtocolHandshake    : Detected dialect: W3C
[8mha:////4CgK6TUHMrSW1t96nukUd2ZYEPeBeQrBANlCTnhyKkUYAAAAYB+LCAAAAAAAAP9b85aBtbiIQSmjNKU4P0+vJLE4u1gvPjexLDVPzxdEuhYV5Rf55ZekOlc7RKnPKH7IxMBQUcQgBdWQnJ9XnJ+TqucMoUEKGSCAEaSwAACsNFCqYAAAAA==[0m[ERROR] Tests run: 2, Failures: 0, Errors: 2, Skipped: 0, Time elapsed: 10.916 s <<< FAILURE! - in pl.pandait.panda.PandaApplicationSeleniumTest
[8mha:////4CgK6TUHMrSW1t96nukUd2ZYEPeBeQrBANlCTnhyKkUYAAAAYB+LCAAAAAAAAP9b85aBtbiIQSmjNKU4P0+vJLE4u1gvPjexLDVPzxdEuhYV5Rf55ZekOlc7RKnPKH7IxMBQUcQgBdWQnJ9XnJ+TqucMoUEKGSCAEaSwAACsNFCqYAAAAA==[0m[ERROR] greetings_shouldOpenMainPageThenReturnWelcomeText  Time elapsed: 4.006 s  <<< ERROR!
org.openqa.selenium.WebDriverException: 
Reached error page: about:neterror?e=connectionFailure&u=http%3A//192.168.44.44%3A8090/&c=UTF-8&d=Firefox%20can%E2%80%99t%20establish%20a%20connection%20to%20the%20server%20at%20192.168.44.44%3A8090.
Build info: version: '3.141.59', revision: 'e82be7d358', time: '2018-11-14T08:17:03'
System info: host: '9bbee387e600', ip: '172.18.0.2', os.name: 'Linux', os.arch: 'amd64', os.version: '4.15.0-128-generic', java.version: '11.0.10'
Driver info: org.openqa.selenium.remote.RemoteWebDriver
Capabilities {acceptInsecureCerts: true, browserName: firefox, browserVersion: 85.0, javascriptEnabled: true, moz:accessibilityChecks: false, moz:buildID: 20210118153634, moz:geckodriverVersion: 0.29.0, moz:headless: false, moz:processID: 936, moz:profile: /tmp/rust_mozprofilezDSrTZ, moz:shutdownTimeout: 60000, moz:useNonSpecCompliantPointerOrigin: false, moz:webdriverClick: true, pageLoadStrategy: normal, platform: LINUX, platformName: LINUX, platformVersion: 4.15.0-128-generic, rotatable: false, setWindowRect: true, strictFileInteractability: false, timeouts: {implicit: 0, pageLoad: 300000, script: 30000}, unhandledPromptBehavior: dismiss and notify, webdriver.remote.sessionid: 0ca2bd37-0d5d-474a-be1e-aa1...}
Session ID: 0ca2bd37-0d5d-474a-be1e-aa185342feae
	at pl.pandait.panda.PandaApplicationSeleniumTest.startup(PandaApplicationSeleniumTest.java:37)

[8mha:////4CgK6TUHMrSW1t96nukUd2ZYEPeBeQrBANlCTnhyKkUYAAAAYB+LCAAAAAAAAP9b85aBtbiIQSmjNKU4P0+vJLE4u1gvPjexLDVPzxdEuhYV5Rf55ZekOlc7RKnPKH7IxMBQUcQgBdWQnJ9XnJ+TqucMoUEKGSCAEaSwAACsNFCqYAAAAA==[0m[ERROR] greetings_shouldOpenSubpageThenReturnGreetingsText  Time elapsed: 3.182 s  <<< ERROR!
org.openqa.selenium.WebDriverException: 
Reached error page: about:neterror?e=connectionFailure&u=http%3A//192.168.44.44%3A8090/&c=UTF-8&d=Firefox%20can%E2%80%99t%20establish%20a%20connection%20to%20the%20server%20at%20192.168.44.44%3A8090.
Build info: version: '3.141.59', revision: 'e82be7d358', time: '2018-11-14T08:17:03'
System info: host: '9bbee387e600', ip: '172.18.0.2', os.name: 'Linux', os.arch: 'amd64', os.version: '4.15.0-128-generic', java.version: '11.0.10'
Driver info: org.openqa.selenium.remote.RemoteWebDriver
Capabilities {acceptInsecureCerts: true, browserName: firefox, browserVersion: 85.0, javascriptEnabled: true, moz:accessibilityChecks: false, moz:buildID: 20210118153634, moz:geckodriverVersion: 0.29.0, moz:headless: false, moz:processID: 1126, moz:profile: /tmp/rust_mozprofilehLtTh3, moz:shutdownTimeout: 60000, moz:useNonSpecCompliantPointerOrigin: false, moz:webdriverClick: true, pageLoadStrategy: normal, platform: LINUX, platformName: LINUX, platformVersion: 4.15.0-128-generic, rotatable: false, setWindowRect: true, strictFileInteractability: false, timeouts: {implicit: 0, pageLoad: 300000, script: 30000}, unhandledPromptBehavior: dismiss and notify, webdriver.remote.sessionid: 32d1400c-024a-4687-86bb-931...}
Session ID: 32d1400c-024a-4687-86bb-931bfd1e7f6c
	at pl.pandait.panda.PandaApplicationSeleniumTest.startup(PandaApplicationSeleniumTest.java:37)

2021-03-02 11:06:24.383  INFO 785 --- [extShutdownHook] o.s.s.concurrent.ThreadPoolTaskExecutor  : Shutting down ExecutorService 'applicationTaskExecutor'
[INFO] 
[INFO] Results:
[INFO] 
[8mha:////4CgK6TUHMrSW1t96nukUd2ZYEPeBeQrBANlCTnhyKkUYAAAAYB+LCAAAAAAAAP9b85aBtbiIQSmjNKU4P0+vJLE4u1gvPjexLDVPzxdEuhYV5Rf55ZekOlc7RKnPKH7IxMBQUcQgBdWQnJ9XnJ+TqucMoUEKGSCAEaSwAACsNFCqYAAAAA==[0m[ERROR] Errors: 
[8mha:////4CgK6TUHMrSW1t96nukUd2ZYEPeBeQrBANlCTnhyKkUYAAAAYB+LCAAAAAAAAP9b85aBtbiIQSmjNKU4P0+vJLE4u1gvPjexLDVPzxdEuhYV5Rf55ZekOlc7RKnPKH7IxMBQUcQgBdWQnJ9XnJ+TqucMoUEKGSCAEaSwAACsNFCqYAAAAA==[0m[ERROR]   PandaApplicationSeleniumTest.startup:37 Â» WebDriver Reached error page: about:...
[8mha:////4CgK6TUHMrSW1t96nukUd2ZYEPeBeQrBANlCTnhyKkUYAAAAYB+LCAAAAAAAAP9b85aBtbiIQSmjNKU4P0+vJLE4u1gvPjexLDVPzxdEuhYV5Rf55ZekOlc7RKnPKH7IxMBQUcQgBdWQnJ9XnJ+TqucMoUEKGSCAEaSwAACsNFCqYAAAAA==[0m[ERROR]   PandaApplicationSeleniumTest.startup:37 Â» WebDriver Reached error page: about:...
[INFO] 
[8mha:////4CgK6TUHMrSW1t96nukUd2ZYEPeBeQrBANlCTnhyKkUYAAAAYB+LCAAAAAAAAP9b85aBtbiIQSmjNKU4P0+vJLE4u1gvPjexLDVPzxdEuhYV5Rf55ZekOlc7RKnPKH7IxMBQUcQgBdWQnJ9XnJ+TqucMoUEKGSCAEaSwAACsNFCqYAAAAA==[0m[ERROR] Tests run: 2, Failures: 0, Errors: 2, Skipped: 0
[INFO] 
[INFO] ------------------------------------------------------------------------
[INFO] BUILD FAILURE
[INFO] ------------------------------------------------------------------------
[INFO] Total time:  14.610 s
[INFO] Finished at: 2021-03-02T11:06:24Z
[INFO] ------------------------------------------------------------------------
[8mha:////4CgK6TUHMrSW1t96nukUd2ZYEPeBeQrBANlCTnhyKkUYAAAAYB+LCAAAAAAAAP9b85aBtbiIQSmjNKU4P0+vJLE4u1gvPjexLDVPzxdEuhYV5Rf55ZekOlc7RKnPKH7IxMBQUcQgBdWQnJ9XnJ+TqucMoUEKGSCAEaSwAACsNFCqYAAAAA==[0m[ERROR] Failed to execute goal org.apache.maven.plugins:maven-surefire-plugin:2.22.2:test (default-test) on project panda: There are test failures.
[8mha:////4CgK6TUHMrSW1t96nukUd2ZYEPeBeQrBANlCTnhyKkUYAAAAYB+LCAAAAAAAAP9b85aBtbiIQSmjNKU4P0+vJLE4u1gvPjexLDVPzxdEuhYV5Rf55ZekOlc7RKnPKH7IxMBQUcQgBdWQnJ9XnJ+TqucMoUEKGSCAEaSwAACsNFCqYAAAAA==[0m[ERROR] 
[8mha:////4CgK6TUHMrSW1t96nukUd2ZYEPeBeQrBANlCTnhyKkUYAAAAYB+LCAAAAAAAAP9b85aBtbiIQSmjNKU4P0+vJLE4u1gvPjexLDVPzxdEuhYV5Rf55ZekOlc7RKnPKH7IxMBQUcQgBdWQnJ9XnJ+TqucMoUEKGSCAEaSwAACsNFCqYAAAAA==[0m[ERROR] Please refer to /var/jenkins_home/workspace/CodePull/target/surefire-reports for the individual test results.
[8mha:////4CgK6TUHMrSW1t96nukUd2ZYEPeBeQrBANlCTnhyKkUYAAAAYB+LCAAAAAAAAP9b85aBtbiIQSmjNKU4P0+vJLE4u1gvPjexLDVPzxdEuhYV5Rf55ZekOlc7RKnPKH7IxMBQUcQgBdWQnJ9XnJ+TqucMoUEKGSCAEaSwAACsNFCqYAAAAA==[0m[ERROR] Please refer to dump files (if any exist) [date].dump, [date]-jvmRun[N].dump and [date].dumpstream.
[8mha:////4CgK6TUHMrSW1t96nukUd2ZYEPeBeQrBANlCTnhyKkUYAAAAYB+LCAAAAAAAAP9b85aBtbiIQSmjNKU4P0+vJLE4u1gvPjexLDVPzxdEuhYV5Rf55ZekOlc7RKnPKH7IxMBQUcQgBdWQnJ9XnJ+TqucMoUEKGSCAEaSwAACsNFCqYAAAAA==[0m[ERROR] -> [Help 1]
[8mha:////4CgK6TUHMrSW1t96nukUd2ZYEPeBeQrBANlCTnhyKkUYAAAAYB+LCAAAAAAAAP9b85aBtbiIQSmjNKU4P0+vJLE4u1gvPjexLDVPzxdEuhYV5Rf55ZekOlc7RKnPKH7IxMBQUcQgBdWQnJ9XnJ+TqucMoUEKGSCAEaSwAACsNFCqYAAAAA==[0m[ERROR] 
[8mha:////4CgK6TUHMrSW1t96nukUd2ZYEPeBeQrBANlCTnhyKkUYAAAAYB+LCAAAAAAAAP9b85aBtbiIQSmjNKU4P0+vJLE4u1gvPjexLDVPzxdEuhYV5Rf55ZekOlc7RKnPKH7IxMBQUcQgBdWQnJ9XnJ+TqucMoUEKGSCAEaSwAACsNFCqYAAAAA==[0m[ERROR] To see the full stack trace of the errors, re-run Maven with the -e switch.
[8mha:////4CgK6TUHMrSW1t96nukUd2ZYEPeBeQrBANlCTnhyKkUYAAAAYB+LCAAAAAAAAP9b85aBtbiIQSmjNKU4P0+vJLE4u1gvPjexLDVPzxdEuhYV5Rf55ZekOlc7RKnPKH7IxMBQUcQgBdWQnJ9XnJ+TqucMoUEKGSCAEaSwAACsNFCqYAAAAA==[0m[ERROR] Re-run Maven using the -X switch to enable full debug logging.
[8mha:////4CgK6TUHMrSW1t96nukUd2ZYEPeBeQrBANlCTnhyKkUYAAAAYB+LCAAAAAAAAP9b85aBtbiIQSmjNKU4P0+vJLE4u1gvPjexLDVPzxdEuhYV5Rf55ZekOlc7RKnPKH7IxMBQUcQgBdWQnJ9XnJ+TqucMoUEKGSCAEaSwAACsNFCqYAAAAA==[0m[ERROR] 
[8mha:////4CgK6TUHMrSW1t96nukUd2ZYEPeBeQrBANlCTnhyKkUYAAAAYB+LCAAAAAAAAP9b85aBtbiIQSmjNKU4P0+vJLE4u1gvPjexLDVPzxdEuhYV5Rf55ZekOlc7RKnPKH7IxMBQUcQgBdWQnJ9XnJ+TqucMoUEKGSCAEaSwAACsNFCqYAAAAA==[0m[ERROR] For more information about the errors and possible solutions, please read the following articles:
[8mha:////4CgK6TUHMrSW1t96nukUd2ZYEPeBeQrBANlCTnhyKkUYAAAAYB+LCAAAAAAAAP9b85aBtbiIQSmjNKU4P0+vJLE4u1gvPjexLDVPzxdEuhYV5Rf55ZekOlc7RKnPKH7IxMBQUcQgBdWQnJ9XnJ+TqucMoUEKGSCAEaSwAACsNFCqYAAAAA==[0m[ERROR] [Help 1] http://cwiki.apache.org/confluence/display/MAVEN/MojoFailureException
Build step 'Invoke top-level Maven targets' marked build as failure
Finished: FAILURE
